Timestamp 946685455297
lastCmd: Command:NEW_BSOC;Tag:1;Nodes:100;Goal:LEFT{[,]}CENTER{[,]}RIGHT{[,]};Stamp:2016-02-04T16:26:03.536
Starting learner: Nodes: 100
lastCmd: Command:FORWARD;Tag:2;Nodes:0;Goal:LEFT{[,]}CENTER{[,]}RIGHT{[,]};Stamp:2016-02-04T16:26:10.185
Training: currentState: 1, currentMove: FORWARD
LEFT:0.762;CENTER:0.61700004;RIGHT:0.84900004
state: 1 (1)
Training: currentState: 1, currentMove: FORWARD
LEFT:0.97200006;CENTER:0.51900005;RIGHT:0.47900003
state: 2 (2)
Training: currentState: 2, currentMove: FORWARD
LEFT:0.97200006;CENTER:0.384;RIGHT:0.47900003
state: 3 (3)
Training: currentState: 3, currentMove: FORWARD
LEFT:0.97200006;CENTER:0.418;RIGHT:0.326
state: 4 (4)
Training: currentState: 4, currentMove: FORWARD
LEFT:0.97200006;CENTER:0.41200003;RIGHT:0.326
state: 5 (5)
Training: currentState: 5, currentMove: FORWARD
LEFT:0.97200006;CENTER:0.328;RIGHT:0.326
state: 6 (6)
Training: currentState: 6, currentMove: FORWARD
LEFT:0.32900003;CENTER:0.33;RIGHT:0.326
state: 7 (7)
Training: currentState: 7, currentMove: FORWARD
LEFT:0.34500003;CENTER:0.326;RIGHT:0.326
state: 8 (8)
Training: currentState: 8, currentMove: FORWARD
LEFT:0.326;CENTER:0.37;RIGHT:0.73600006
state: 9 (9)
Training: currentState: 9, currentMove: FORWARD
LEFT:0.36600003;CENTER:0.326;RIGHT:0.326
state: 10 (10)
Training: currentState: 10, currentMove: FORWARD
LEFT:0.32900003;CENTER:0.326;RIGHT:0.33600003
state: 11 (11)
Training: currentState: 11, currentMove: FORWARD
LEFT:0.321;CENTER:0.23700002;RIGHT:0.40100002
state: 12 (12)
lastCmd: Command:STOP;Tag:3;Nodes:0;Goal:LEFT{[,]}CENTER{[,]}RIGHT{[,]};Stamp:2016-02-04T16:26:11.774
Training: currentState: 12, currentMove: FORWARD
LEFT:2.2610002;CENTER:0.21100001;RIGHT:0.36600003
state: 13 (13)
lastCmd: Command:LEFT;Tag:4;Nodes:0;Goal:LEFT{[,]}CENTER{[,]}RIGHT{[,]};Stamp:2016-02-04T16:26:13.062
Training: currentState: 13, currentMove: SPIN_LEFT
LEFT:0.22100002;CENTER:0.16600001;RIGHT:0.64100003
state: 14 (14)
Training: currentState: 14, currentMove: SPIN_LEFT
LEFT:0.22900002;CENTER:0.17;RIGHT:0.64100003
state: 15 (15)
Training: currentState: 15, currentMove: SPIN_LEFT
LEFT:0.326;CENTER:0.16600001;RIGHT:0.326
state: 16 (16)
Training: currentState: 16, currentMove: SPIN_LEFT
LEFT:0.326;CENTER:0.17400001;RIGHT:0.326
state: 17 (17)
Training: currentState: 17, currentMove: SPIN_LEFT
LEFT:0.384;CENTER:0.18300001;RIGHT:0.321
state: 18 (18)
Training: currentState: 18, currentMove: SPIN_LEFT
LEFT:0.384;CENTER:0.18300001;RIGHT:0.326
state: 19 (19)
Training: currentState: 19, currentMove: SPIN_LEFT
LEFT:0.469;CENTER:0.18300001;RIGHT:0.326
state: 20 (20)
Training: currentState: 20, currentMove: SPIN_LEFT
LEFT:0.469;CENTER:0.18300001;RIGHT:0.326
state: 21 (21)
Training: currentState: 21, currentMove: SPIN_LEFT
LEFT:0.469;CENTER:0.18300001;RIGHT:0.634
state: 22 (22)
Training: currentState: 22, currentMove: SPIN_LEFT
LEFT:1.0450001;CENTER:0.321;RIGHT:0.634
state: 23 (23)
Training: currentState: 23, currentMove: SPIN_LEFT
LEFT:0.34800002;CENTER:0.321;RIGHT:0.143
state: 24 (24)
Training: currentState: 24, currentMove: SPIN_LEFT
LEFT:0.469;CENTER:0.35700002;RIGHT:0.12100001
state: 25 (25)
Training: currentState: 25, currentMove: SPIN_LEFT
LEFT:0.326;CENTER:0.326;RIGHT:0.13000001
state: 26 (26)
Training: currentState: 26, currentMove: SPIN_LEFT
LEFT:0.326;CENTER:0.321;RIGHT:0.135
state: 27 (27)
Training: currentState: 27, currentMove: SPIN_LEFT
LEFT:0.326;CENTER:0.321;RIGHT:0.135
state: 28 (28)
lastCmd: Command:STOP;Tag:5;Nodes:0;Goal:LEFT{[,]}CENTER{[,]}RIGHT{[,]};Stamp:2016-02-04T16:26:14.590
Training: currentState: 28, currentMove: SPIN_LEFT
LEFT:0.326;CENTER:0.41000003;RIGHT:0.135
state: 29 (29)
lastCmd: Command:FORWARD;Tag:6;Nodes:0;Goal:LEFT{[,]}CENTER{[,]}RIGHT{[,]};Stamp:2016-02-04T16:26:15.326
Training: currentState: 29, currentMove: FORWARD
LEFT:0.326;CENTER:0.349;RIGHT:0.25100002
state: 30 (30)
Training: currentState: 30, currentMove: FORWARD
LEFT:1.097;CENTER:1.0020001;RIGHT:0.25100002
state: 31 (31)
Training: currentState: 31, currentMove: FORWARD
LEFT:0.326;CENTER:1.0020001;RIGHT:0.321
state: 32 (32)
Training: currentState: 32, currentMove: FORWARD
LEFT:0.40100002;CENTER:1.0020001;RIGHT:0.326
state: 33 (33)
Training: currentState: 33, currentMove: FORWARD
LEFT:0.38900003;CENTER:0.326;RIGHT:0.326
state: 34 (34)
Training: currentState: 34, currentMove: FORWARD
LEFT:0.36600003;CENTER:0.326;RIGHT:0.326
state: 35 (35)
Training: currentState: 35, currentMove: FORWARD
LEFT:0.36600003;CENTER:0.326;RIGHT:0.321
state: 36 (36)
Training: currentState: 36, currentMove: FORWARD
LEFT:0.95500004;CENTER:0.321;RIGHT:0.18900001
state: 37 (37)
Training: currentState: 37, currentMove: FORWARD
LEFT:0.84300005;CENTER:0.96000004;RIGHT:0.83900005
state: 38 (38)
Training: currentState: 38, currentMove: FORWARD
LEFT:0.883;CENTER:0.95600003;RIGHT:0.83900005
state: 39 (39)
Training: currentState: 39, currentMove: FORWARD
LEFT:0.93900007;CENTER:0.929;RIGHT:0.326
state: 40 (40)
Training: currentState: 40, currentMove: FORWARD
LEFT:0.92100006;CENTER:0.91300005;RIGHT:0.326
state: 41 (41)
Training: currentState: 41, currentMove: FORWARD
LEFT:0.49800003;CENTER:0.563;RIGHT:0.321
state: 42 (42)
Training: currentState: 42, currentMove: FORWARD
LEFT:0.326;CENTER:0.326;RIGHT:0.40800002
state: 43 (43)
Training: currentState: 43, currentMove: FORWARD
LEFT:0.321;CENTER:0.36200002;RIGHT:0.326
state: 44 (44)
Training: currentState: 44, currentMove: FORWARD
LEFT:0.321;CENTER:0.37500003;RIGHT:0.321
state: 45 (45)
Training: currentState: 45, currentMove: FORWARD
LEFT:0.83400005;CENTER:0.605;RIGHT:0.37
state: 46 (46)
Training: currentState: 46, currentMove: FORWARD
LEFT:0.82500005;CENTER:0.82600003;RIGHT:0.321
state: 47 (47)
Training: currentState: 47, currentMove: FORWARD
LEFT:0.79600006;CENTER:0.82600003;RIGHT:0.393
state: 48 (48)
Training: currentState: 48, currentMove: FORWARD
LEFT:0.77800006;CENTER:0.61600006;RIGHT:0.28800002
state: 49 (49)
Training: currentState: 49, currentMove: FORWARD
LEFT:0.754;CENTER:0.614;RIGHT:0.321
state: 50 (50)
Training: currentState: 50, currentMove: FORWARD
LEFT:0.63500005;CENTER:0.61600006;RIGHT:0.21900001
state: 51 (51)
Training: currentState: 51, currentMove: FORWARD
LEFT:0.71400005;CENTER:0.61600006;RIGHT:0.21700001
state: 52 (52)
Training: currentState: 52, currentMove: FORWARD
LEFT:0.72200006;CENTER:0.586;RIGHT:0.19900002
state: 53 (53)
Training: currentState: 53, currentMove: FORWARD
LEFT:0.702;CENTER:0.586;RIGHT:0.19700001
state: 54 (54)
Training: currentState: 54, currentMove: FORWARD
LEFT:0.698;CENTER:0.321;RIGHT:0.19700001
state: 55 (55)
Training: currentState: 55, currentMove: FORWARD
LEFT:0.554;CENTER:0.71000004;RIGHT:0.17500001
state: 56 (56)
Training: currentState: 56, currentMove: FORWARD
LEFT:0.64500004;CENTER:0.504;RIGHT:0.17500001
state: 57 (57)
Training: currentState: 57, currentMove: FORWARD
LEFT:0.551;CENTER:0.48700002;RIGHT:0.16600001
state: 58 (58)
Training: currentState: 58, currentMove: FORWARD
LEFT:0.518;CENTER:0.46400002;RIGHT:0.13900001
state: 59 (59)
Training: currentState: 59, currentMove: FORWARD
LEFT:0.35700002;CENTER:0.437;RIGHT:0.12100001
state: 60 (60)
Training: currentState: 60, currentMove: FORWARD
LEFT:0.34500003;CENTER:0.42000002;RIGHT:0.11400001
state: 61 (61)
Training: currentState: 61, currentMove: FORWARD
LEFT:0.34;CENTER:0.58000004;RIGHT:0.101
state: 62 (62)
Training: currentState: 62, currentMove: FORWARD
LEFT:0.33600003;CENTER:0.397;RIGHT:0.10300001
state: 63 (63)
Training: currentState: 63, currentMove: FORWARD
LEFT:0.33800003;CENTER:0.384;RIGHT:0.10300001
state: 64 (64)
Training: currentState: 64, currentMove: FORWARD
LEFT:0.34;CENTER:0.349;RIGHT:0.286
state: 65 (65)
Training: currentState: 65, currentMove: FORWARD
LEFT:0.45600003;CENTER:0.20500001;RIGHT:0.24300002
state: 66 (66)
Training: currentState: 66, currentMove: FORWARD
LEFT:0.42900002;CENTER:0.16600001;RIGHT:0.22000001
state: 67 (67)
Training: currentState: 67, currentMove: FORWARD
LEFT:0.418;CENTER:0.16600001;RIGHT:0.22100002
state: 68 (68)
Training: currentState: 68, currentMove: FORWARD
LEFT:0.411;CENTER:0.158;RIGHT:0.21100001
state: 69 (69)
Training: currentState: 69, currentMove: FORWARD
LEFT:0.416;CENTER:0.321;RIGHT:0.19800001
state: 70 (70)
Training: currentState: 70, currentMove: FORWARD
LEFT:0.32200003;CENTER:0.326;RIGHT:0.19000001
state: 71 (71)
Training: currentState: 71, currentMove: FORWARD
LEFT:0.32200003;CENTER:0.326;RIGHT:0.18400002
state: 72 (72)
lastCmd: Command:STOP;Tag:7;Nodes:0;Goal:LEFT{[,]}CENTER{[,]}RIGHT{[,]};Stamp:2016-02-04T16:26:19.462
Training: currentState: 72, currentMove: FORWARD
LEFT:0.321;CENTER:0.326;RIGHT:0.17500001
state: 73 (73)
lastCmd: Command:LEFT;Tag:8;Nodes:0;Goal:LEFT{[,]}CENTER{[,]}RIGHT{[,]};Stamp:2016-02-04T16:26:20.030
Training: currentState: 73, currentMove: SPIN_LEFT
LEFT:0.328;CENTER:0.38000003;RIGHT:0.149
state: 74 (74)
Training: currentState: 74, currentMove: SPIN_LEFT
LEFT:0.36400002;CENTER:0.38500002;RIGHT:0.147
state: 75 (75)
Training: currentState: 75, currentMove: SPIN_LEFT
LEFT:0.33600003;CENTER:0.38500002;RIGHT:0.149
state: 76 (76)
Training: currentState: 76, currentMove: SPIN_LEFT
LEFT:0.35300002;CENTER:0.38900003;RIGHT:0.15400001
state: 77 (77)
Training: currentState: 77, currentMove: SPIN_LEFT
LEFT:0.349;CENTER:0.38000003;RIGHT:0.15400001
state: 78 (78)
Training: currentState: 78, currentMove: SPIN_LEFT
LEFT:0.35500002;CENTER:0.38500002;RIGHT:0.14500001
state: 79 (79)
Training: currentState: 79, currentMove: SPIN_LEFT
LEFT:0.36100003;CENTER:0.37600002;RIGHT:0.13800001
state: 80 (80)
Training: currentState: 80, currentMove: SPIN_LEFT
LEFT:0.36600003;CENTER:0.38300002;RIGHT:0.13800001
state: 81 (81)
Training: currentState: 81, currentMove: SPIN_LEFT
LEFT:0.365;CENTER:0.39200002;RIGHT:0.13900001
state: 82 (82)
Training: currentState: 82, currentMove: SPIN_LEFT
LEFT:0.36100003;CENTER:0.37600002;RIGHT:0.13900001
state: 83 (83)
Training: currentState: 83, currentMove: SPIN_LEFT
LEFT:0.372;CENTER:0.37600002;RIGHT:0.13900001
state: 84 (84)
Training: currentState: 84, currentMove: SPIN_LEFT
LEFT:0.38200003;CENTER:0.36200002;RIGHT:0.13700001
state: 85 (85)
Training: currentState: 85, currentMove: SPIN_LEFT
LEFT:0.384;CENTER:0.37600002;RIGHT:0.13800001
state: 86 (86)
Training: currentState: 86, currentMove: SPIN_LEFT
LEFT:0.38900003;CENTER:0.36200002;RIGHT:0.13800001
state: 87 (87)
lastCmd: Command:STOP;Tag:9;Nodes:0;Goal:LEFT{[,]}CENTER{[,]}RIGHT{[,]};Stamp:2016-02-04T16:26:20.750
Training: currentState: 87, currentMove: SPIN_LEFT
LEFT:0.39900002;CENTER:0.35300002;RIGHT:0.13800001
state: 88 (88)
lastCmd: Command:FORWARD;Tag:10;Nodes:0;Goal:LEFT{[,]}CENTER{[,]}RIGHT{[,]};Stamp:2016-02-04T16:26:21.366
Training: currentState: 88, currentMove: FORWARD
LEFT:0.32900003;CENTER:0.38000003;RIGHT:0.149
state: 89 (89)
Training: currentState: 89, currentMove: FORWARD
LEFT:0.35700002;CENTER:0.38000003;RIGHT:0.15400001
state: 90 (90)
Training: currentState: 90, currentMove: FORWARD
LEFT:0.35700002;CENTER:0.37600002;RIGHT:0.019000001
state: 91 (91)
Training: currentState: 91, currentMove: FORWARD
LEFT:0.34800002;CENTER:0.372;RIGHT:0.13800001
state: 92 (92)
Training: currentState: 92, currentMove: FORWARD
LEFT:0.34800002;CENTER:0.35300002;RIGHT:0.147
state: 93 (93)
Training: currentState: 93, currentMove: FORWARD
LEFT:0.35700002;CENTER:0.34500003;RIGHT:0.149
state: 94 (94)
Training: currentState: 94, currentMove: FORWARD
LEFT:0.347;CENTER:0.33800003;RIGHT:0.149
state: 95 (95)
Training: currentState: 95, currentMove: FORWARD
LEFT:0.33800003;CENTER:0.32900003;RIGHT:0.326
state: 96 (96)
Training: currentState: 96, currentMove: FORWARD
LEFT:0.32900003;CENTER:0.326;RIGHT:0.32000002
state: 97 (97)
Training: currentState: 97, currentMove: FORWARD
LEFT:0.347;CENTER:0.321;RIGHT:0.32200003
state: 98 (98)
Training: currentState: 98, currentMove: FORWARD
LEFT:0.33400002;CENTER:0.294;RIGHT:0.294
state: 99 (99)
Training: currentState: 99, currentMove: FORWARD
LEFT:0.17300001;CENTER:0.28;RIGHT:0.28800002
state: 100 (100)
Training: currentState: 100, currentMove: FORWARD
LEFT:0.162;CENTER:0.27100003;RIGHT:0.149
state: 101 (101)
lastCmd: Command:STOP;Tag:11;Nodes:0;Goal:LEFT{[,]}CENTER{[,]}RIGHT{[,]};Stamp:2016-02-04T16:26:22.558
Training: currentState: 101, currentMove: FORWARD
LEFT:2.229;CENTER:0.030000001;RIGHT:0.030000001
state: 103 (103)
lastCmd: Command:STOP;Tag:12;Nodes:0;Goal:LEFT{[,]}CENTER{[,]}RIGHT{[,]};Stamp:2016-02-04T16:26:23.166
lastCmd: Command:STOP;Tag:13;Nodes:0;Goal:LEFT{[,]}CENTER{[,]}RIGHT{[,]};Stamp:2016-02-04T16:26:23.414
lastCmd: Command:BACKWARD;Tag:14;Nodes:0;Goal:LEFT{[,]}CENTER{[,]}RIGHT{[,]};Stamp:2016-02-04T16:26:30.046
Training: currentState: 103, currentMove: BACKWARD
LEFT:0.036000002;CENTER:0.030000001;RIGHT:0.030000001
state: 105 (105)
Training: currentState: 105, currentMove: BACKWARD
LEFT:2.5;CENTER:0.063;RIGHT:0.07700001
state: 107 (107)
lastCmd: Command:STOP;Tag:15;Nodes:0;Goal:LEFT{[,]}CENTER{[,]}RIGHT{[,]};Stamp:2016-02-04T16:26:32.102
Training: currentState: 107, currentMove: BACKWARD
LEFT:0.13800001;CENTER:0.12100001;RIGHT:0.17500001
state: 109 (109)
lastCmd: Command:LEFT;Tag:16;Nodes:0;Goal:LEFT{[,]}CENTER{[,]}RIGHT{[,]};Stamp:2016-02-04T16:26:34.165
Training: currentState: 109, currentMove: SPIN_LEFT
LEFT:1.4720001;CENTER:0.17300001;RIGHT:0.14500001
state: 111 (111)
Training: currentState: 111, currentMove: SPIN_LEFT
LEFT:0.321;CENTER:0.18400002;RIGHT:0.128
state: 113 (113)
Training: currentState: 113, currentMove: SPIN_LEFT
LEFT:0.326;CENTER:0.326;RIGHT:0.11400001
state: 115 (115)
lastCmd: Command:STOP;Tag:17;Nodes:0;Goal:LEFT{[,]}CENTER{[,]}RIGHT{[,]};Stamp:2016-02-04T16:26:36.413
Training: currentState: 115, currentMove: SPIN_LEFT
LEFT:1.3000001;CENTER:1.5630001;RIGHT:0.326
state: 117 (117)
lastCmd: Command:FORWARD;Tag:18;Nodes:0;Goal:LEFT{[,]}CENTER{[,]}RIGHT{[,]};Stamp:2016-02-04T16:26:38.749
Training: currentState: 117, currentMove: FORWARD
LEFT:1.4740001;CENTER:1.3720001;RIGHT:1.4820001
state: 119 (119)
Training: currentState: 119, currentMove: FORWARD
LEFT:0.808;CENTER:1.2590001;RIGHT:1.442
state: 121 (121)
Training: currentState: 121, currentMove: FORWARD
LEFT:0.98200005;CENTER:1.345;RIGHT:1.406
state: 123 (123)
Training: currentState: 123, currentMove: FORWARD
LEFT:1.2590001;CENTER:1.2370001;RIGHT:1.2270001
state: 125 (125)
Training: currentState: 125, currentMove: FORWARD
LEFT:1.044;CENTER:1.085;RIGHT:1.0500001
state: 127 (127)
Training: currentState: 127, currentMove: FORWARD
LEFT:0.83500004;CENTER:0.96300006;RIGHT:1.0680001
state: 129 (129)
Training: currentState: 129, currentMove: FORWARD
LEFT:0.757;CENTER:0.81000006;RIGHT:0.85300004
state: 131 (131)
Training: currentState: 131, currentMove: FORWARD
LEFT:0.35300002;CENTER:0.65300006;RIGHT:0.808
state: 133 (133)
lastCmd: Command:STOP;Tag:19;Nodes:0;Goal:LEFT{[,]}CENTER{[,]}RIGHT{[,]};Stamp:2016-02-04T16:26:45.301
Training: currentState: 133, currentMove: FORWARD
LEFT:0.53400004;CENTER:0.518;RIGHT:0.693
state: 135 (135)
lastCmd: Command:LEFT;Tag:20;Nodes:0;Goal:LEFT{[,]}CENTER{[,]}RIGHT{[,]};Stamp:2016-02-04T16:26:47.757
Training: currentState: 135, currentMove: SPIN_LEFT
LEFT:0.326;CENTER:0.33800003;RIGHT:0.448
state: 137 (137)
Training: currentState: 137, currentMove: SPIN_LEFT
LEFT:0.321;CENTER:0.349;RIGHT:0.326
state: 139 (139)
Training: currentState: 139, currentMove: SPIN_LEFT
LEFT:0.504;CENTER:0.64400005;RIGHT:0.326
state: 141 (141)
Training: currentState: 141, currentMove: SPIN_LEFT
LEFT:0.93100005;CENTER:0.933;RIGHT:0.34800002
state: 143 (143)
lastCmd: Command:STOP;Tag:21;Nodes:0;Goal:LEFT{[,]}CENTER{[,]}RIGHT{[,]};Stamp:2016-02-04T16:26:50.565
Training: currentState: 143, currentMove: SPIN_LEFT
LEFT:1.171;CENTER:0.998;RIGHT:0.573
state: 145 (145)
lastCmd: Command:FORWARD;Tag:22;Nodes:0;Goal:LEFT{[,]}CENTER{[,]}RIGHT{[,]};Stamp:2016-02-04T16:26:52.997
Training: currentState: 145, currentMove: FORWARD
LEFT:0.86500007;CENTER:0.87100005;RIGHT:0.96800005
state: 147 (147)
Training: currentState: 147, currentMove: FORWARD
LEFT:0.83300006;CENTER:1.0600001;RIGHT:0.82400006
state: 149 (149)
Training: currentState: 149, currentMove: FORWARD
LEFT:0.90300006;CENTER:0.689;RIGHT:0.70600003
state: 151 (151)
Training: currentState: 151, currentMove: FORWARD
LEFT:0.75000006;CENTER:0.559;RIGHT:0.609
state: 153 (153)
Training: currentState: 153, currentMove: FORWARD
LEFT:1.3180001;CENTER:0.483;RIGHT:0.49
state: 155 (155)
Training: currentState: 155, currentMove: FORWARD
LEFT:0.51900005;CENTER:0.326;RIGHT:0.41200003
state: 157 (157)
Training: currentState: 157, currentMove: FORWARD
LEFT:0.41200003;CENTER:0.326;RIGHT:0.273
state: 159 (159)
lastCmd: Command:STOP;Tag:23;Nodes:0;Goal:LEFT{[,]}CENTER{[,]}RIGHT{[,]};Stamp:2016-02-04T16:26:59.364
Training: currentState: 159, currentMove: FORWARD
LEFT:0.321;CENTER:0.321;RIGHT:0.294
state: 161 (161)
lastCmd: Command:BACKWARD;Tag:24;Nodes:0;Goal:LEFT{[,]}CENTER{[,]}RIGHT{[,]};Stamp:2016-02-04T16:27:01.364
Training: currentState: 161, currentMove: BACKWARD
LEFT:0.21700001;CENTER:1.9820001;RIGHT:0.10300001
state: 163 (163)
Training: currentState: 163, currentMove: BACKWARD
LEFT:0.24700001;CENTER:1.36;RIGHT:0.13800001
state: 165 (165)
Training: currentState: 165, currentMove: BACKWARD
LEFT:0.25500003;CENTER:2.043;RIGHT:0.051000003
state: 167 (167)
lastCmd: Command:STOP;Tag:25;Nodes:0;Goal:LEFT{[,]}CENTER{[,]}RIGHT{[,]};Stamp:2016-02-04T16:27:03.540
Training: currentState: 167, currentMove: BACKWARD
LEFT:0.26700002;CENTER:0.16600001;RIGHT:0.20400001
state: 169 (169)
lastCmd: Command:LEFT;Tag:26;Nodes:0;Goal:LEFT{[,]}CENTER{[,]}RIGHT{[,]};Stamp:2016-02-04T16:27:05.733
Training: currentState: 169, currentMove: SPIN_LEFT
LEFT:0.29700002;CENTER:0.157;RIGHT:0.25100002
state: 171 (171)
Training: currentState: 171, currentMove: SPIN_LEFT
LEFT:0.289;CENTER:0.326;RIGHT:0.16600001
state: 173 (173)
Training: currentState: 173, currentMove: SPIN_LEFT
LEFT:0.365;CENTER:0.34500003;RIGHT:0.179
state: 175 (175)
Training: currentState: 175, currentMove: SPIN_LEFT
LEFT:0.393;CENTER:0.36400002;RIGHT:0.29000002
state: 177 (177)
lastCmd: Command:STOP;Tag:27;Nodes:0;Goal:LEFT{[,]}CENTER{[,]}RIGHT{[,]};Stamp:2016-02-04T16:27:09.444
Training: currentState: 177, currentMove: SPIN_LEFT
LEFT:0.42700002;CENTER:1.0020001;RIGHT:0.30800003
state: 179 (179)
lastCmd: Command:FORWARD;Tag:28;Nodes:0;Goal:LEFT{[,]}CENTER{[,]}RIGHT{[,]};Stamp:2016-02-04T16:27:10.892
Training: currentState: 179, currentMove: FORWARD
LEFT:1.2;CENTER:1.353;RIGHT:1.414
state: 181 (181)
Training: currentState: 181, currentMove: FORWARD
LEFT:1.115;CENTER:1.269;RIGHT:1.3240001
state: 183 (183)
Training: currentState: 183, currentMove: FORWARD
LEFT:1.097;CENTER:1.261;RIGHT:1.2270001
state: 185 (185)
Training: currentState: 185, currentMove: FORWARD
LEFT:0.93900007;CENTER:1.215;RIGHT:0.563
state: 187 (187)
Training: currentState: 187, currentMove: FORWARD
LEFT:1.603;CENTER:1.0450001;RIGHT:0.883
state: 189 (189)
Training: currentState: 189, currentMove: FORWARD
LEFT:0.537;CENTER:0.78800005;RIGHT:0.86100006
state: 191 (191)
Training: currentState: 191, currentMove: FORWARD
LEFT:0.36600003;CENTER:0.744;RIGHT:0.74
state: 193 (193)
Training: currentState: 193, currentMove: FORWARD
LEFT:0.59000003;CENTER:0.58000004;RIGHT:0.56100005
state: 195 (195)
Training: currentState: 195, currentMove: FORWARD
LEFT:0.44300002;CENTER:0.35700002;RIGHT:0.37600002
state: 197 (197)
lastCmd: Command:STOP;Tag:29;Nodes:0;Goal:LEFT{[,]}CENTER{[,]}RIGHT{[,]};Stamp:2016-02-04T16:27:18.988
Training: currentState: 197, currentMove: FORWARD
LEFT:0.418;CENTER:0.326;RIGHT:0.19000001
state: 200 (70)
lastCmd: Command:BACKWARD;Tag:30;Nodes:0;Goal:LEFT{[,]}CENTER{[,]}RIGHT{[,]};Stamp:2016-02-04T16:27:21.995
Training: currentState: 200, currentMove: BACKWARD
LEFT:0.23600002;CENTER:0.326;RIGHT:0.031000001
state: 201 (201)
Training: currentState: 201, currentMove: BACKWARD
LEFT:0.326;CENTER:0.33600003;RIGHT:0.055000003
state: 203 (203)
Training: currentState: 203, currentMove: BACKWARD
LEFT:0.321;CENTER:0.33800003;RIGHT:0.10300001
state: 205 (205)
lastCmd: Command:STOP;Tag:31;Nodes:0;Goal:LEFT{[,]}CENTER{[,]}RIGHT{[,]};Stamp:2016-02-04T16:27:24.908
Training: currentState: 205, currentMove: BACKWARD
LEFT:0.33;CENTER:0.326;RIGHT:0.11400001
state: 208 (24)
lastCmd: Command:RIGHT;Tag:32;Nodes:0;Goal:LEFT{[,]}CENTER{[,]}RIGHT{[,]};Stamp:2016-02-04T16:27:26.427
Training: currentState: 208, currentMove: SPIN_RIGHT
LEFT:0.36600003;CENTER:0.21100001;RIGHT:0.156
state: 209 (209)
Training: currentState: 209, currentMove: SPIN_RIGHT
LEFT:0.365;CENTER:0.19700001;RIGHT:0.326
state: 212 (18)
Training: currentState: 212, currentMove: SPIN_RIGHT
LEFT:0.149;CENTER:0.326;RIGHT:0.33600003
state: 213 (213)
lastCmd: Command:STOP;Tag:33;Nodes:0;Goal:LEFT{[,]}CENTER{[,]}RIGHT{[,]};Stamp:2016-02-04T16:27:28.803
Training: currentState: 213, currentMove: SPIN_RIGHT
LEFT:0.326;CENTER:0.96800005;RIGHT:1.0150001
state: 215 (215)
lastCmd: Command:FORWARD;Tag:34;Nodes:0;Goal:LEFT{[,]}CENTER{[,]}RIGHT{[,]};Stamp:2016-02-04T16:27:30.979
Training: currentState: 215, currentMove: FORWARD
LEFT:0.90900004;CENTER:0.518;RIGHT:1.5170001
state: 217 (217)
Training: currentState: 217, currentMove: FORWARD
LEFT:0.67;CENTER:1.6090001;RIGHT:1.2900001
state: 219 (219)
Training: currentState: 219, currentMove: FORWARD
LEFT:0.81700003;CENTER:1.0380001;RIGHT:0.321
state: 221 (221)
Training: currentState: 221, currentMove: FORWARD
LEFT:0.697;CENTER:0.915;RIGHT:0.86500007
state: 223 (223)
Training: currentState: 223, currentMove: FORWARD
LEFT:0.698;CENTER:0.754;RIGHT:0.693
state: 225 (225)
Training: currentState: 225, currentMove: FORWARD
LEFT:0.689;CENTER:0.68500006;RIGHT:0.53800005
state: 227 (227)
lastCmd: Command:STOP;Tag:35;Nodes:0;Goal:LEFT{[,]}CENTER{[,]}RIGHT{[,]};Stamp:2016-02-04T16:27:36.308
Training: currentState: 227, currentMove: FORWARD
LEFT:0.326;CENTER:0.46400002;RIGHT:0.35500002
state: 229 (229)
lastCmd: Command:RIGHT;Tag:36;Nodes:0;Goal:LEFT{[,]}CENTER{[,]}RIGHT{[,]};Stamp:2016-02-04T16:28:23.153
Training: currentState: 229, currentMove: SPIN_RIGHT
LEFT:0.537;CENTER:0.74200004;RIGHT:0.18100001
state: 232 (56)
Training: currentState: 232, currentMove: SPIN_RIGHT
LEFT:0.25500003;CENTER:0.326;RIGHT:0.321
state: 233 (233)
Training: currentState: 233, currentMove: SPIN_RIGHT
LEFT:0.289;CENTER:0.328;RIGHT:0.326
state: 236 (233)
Training: currentState: 236, currentMove: SPIN_RIGHT
LEFT:0.17500001;CENTER:0.321;RIGHT:1.8740001
state: 237 (237)
lastCmd: Command:STOP;Tag:37;Nodes:0;Goal:LEFT{[,]}CENTER{[,]}RIGHT{[,]};Stamp:2016-02-04T16:28:26.409
Training: currentState: 237, currentMove: SPIN_RIGHT
LEFT:1.13;CENTER:2.5;RIGHT:1.1830001
state: 239 (239)
lastCmd: Command:FORWARD;Tag:38;Nodes:0;Goal:LEFT{[,]}CENTER{[,]}RIGHT{[,]};Stamp:2016-02-04T16:28:28.721
Training: currentState: 239, currentMove: FORWARD
LEFT:1.2650001;CENTER:0.915;RIGHT:0.83100003
state: 241 (241)
Training: currentState: 241, currentMove: FORWARD
LEFT:1.3970001;CENTER:1.353;RIGHT:1.113
state: 243 (243)
Training: currentState: 243, currentMove: FORWARD
LEFT:0.96300006;CENTER:1.113;RIGHT:0.347
state: 245 (245)
Training: currentState: 245, currentMove: FORWARD
LEFT:0.78000003;CENTER:0.79600006;RIGHT:0.808
state: 248 (131)
Training: currentState: 248, currentMove: FORWARD
LEFT:2.5;CENTER:0.61700004;RIGHT:0.67200005
state: 249 (249)
lastCmd: Command:STOP;Tag:39;Nodes:0;Goal:LEFT{[,]}CENTER{[,]}RIGHT{[,]};Stamp:2016-02-04T16:28:32.913
Training: currentState: 249, currentMove: FORWARD
LEFT:0.70600003;CENTER:0.62600005;RIGHT:0.551
state: 252 (227)
lastCmd: Command:LEFT;Tag:40;Nodes:0;Goal:LEFT{[,]}CENTER{[,]}RIGHT{[,]};Stamp:2016-02-04T16:28:35.410
Training: currentState: 252, currentMove: SPIN_LEFT
LEFT:0.588;CENTER:0.347;RIGHT:0.45600003
state: 253 (253)
Training: currentState: 253, currentMove: SPIN_LEFT
LEFT:0.952;CENTER:0.326;RIGHT:0.326
state: 256 (6)
lastCmd: Command:STOP;Tag:41;Nodes:0;Goal:LEFT{[,]}CENTER{[,]}RIGHT{[,]};Stamp:2016-02-04T16:28:37.265
Training: currentState: 256, currentMove: SPIN_LEFT
LEFT:1.062;CENTER:0.88600004;RIGHT:0.326
state: 257 (257)
lastCmd: Command:FORWARD;Tag:42;Nodes:0;Goal:LEFT{[,]}CENTER{[,]}RIGHT{[,]};Stamp:2016-02-04T16:28:39.001
Training: currentState: 257, currentMove: FORWARD
LEFT:1.0660001;CENTER:1.13;RIGHT:1.0990001
state: 259 (259)
Training: currentState: 259, currentMove: FORWARD
LEFT:0.68;CENTER:0.818;RIGHT:0.947
state: 261 (261)
Training: currentState: 261, currentMove: FORWARD
LEFT:1.3160001;CENTER:0.67;RIGHT:0.58000004
state: 263 (263)
Training: currentState: 263, currentMove: FORWARD
LEFT:0.404;CENTER:0.43600002;RIGHT:0.52500004
state: 265 (265)
lastCmd: Command:STOP;Tag:43;Nodes:0;Goal:LEFT{[,]}CENTER{[,]}RIGHT{[,]};Stamp:2016-02-04T16:28:42.520
Training: currentState: 265, currentMove: FORWARD
LEFT:0.41200003;CENTER:0.36400002;RIGHT:0.40300003
state: 268 (197)
lastCmd: Command:RIGHT;Tag:44;Nodes:0;Goal:LEFT{[,]}CENTER{[,]}RIGHT{[,]};Stamp:2016-02-04T16:28:44.960
Training: currentState: 268, currentMove: SPIN_RIGHT
LEFT:0.13800001;CENTER:0.22500001;RIGHT:0.22500001
state: 269 (269)
Training: currentState: 269, currentMove: SPIN_RIGHT
LEFT:0.21700001;CENTER:0.326;RIGHT:0.947
state: 271 (271)
lastCmd: Command:STOP;Tag:45;Nodes:0;Goal:LEFT{[,]}CENTER{[,]}RIGHT{[,]};Stamp:2016-02-04T16:28:46.593
Training: currentState: 271, currentMove: SPIN_RIGHT
LEFT:0.19500001;CENTER:0.85700005;RIGHT:0.841
state: 273 (273)
lastCmd: Command:FORWARD;Tag:46;Nodes:0;Goal:LEFT{[,]}CENTER{[,]}RIGHT{[,]};Stamp:2016-02-04T16:28:48.729
Training: currentState: 273, currentMove: FORWARD
LEFT:0.96000004;CENTER:0.91700006;RIGHT:0.952
state: 275 (275)
Training: currentState: 275, currentMove: FORWARD
LEFT:0.74;CENTER:0.78000003;RIGHT:0.77800006
state: 278 (131)
Training: currentState: 278, currentMove: FORWARD
LEFT:2.5;CENTER:0.64500004;RIGHT:0.39900002
state: 279 (279)
lastCmd: Command:STOP;Tag:47;Nodes:0;Goal:LEFT{[,]}CENTER{[,]}RIGHT{[,]};Stamp:2016-02-04T16:28:51.872
Training: currentState: 279, currentMove: FORWARD
LEFT:2.5;CENTER:0.40100002;RIGHT:0.48800004
state: 281 (281)
lastCmd: Command:LEFT;Tag:48;Nodes:0;Goal:LEFT{[,]}CENTER{[,]}RIGHT{[,]};Stamp:2016-02-04T16:28:53.520
Training: currentState: 281, currentMove: SPIN_LEFT
LEFT:0.326;CENTER:0.22900002;RIGHT:0.289
state: 284 (16)
Training: currentState: 284, currentMove: SPIN_LEFT
LEFT:1.4020001;CENTER:0.518;RIGHT:0.13900001
state: 285 (285)
lastCmd: Command:STOP;Tag:49;Nodes:0;Goal:LEFT{[,]}CENTER{[,]}RIGHT{[,]};Stamp:2016-02-04T16:28:54.720
Training: currentState: 285, currentMove: SPIN_LEFT
LEFT:0.384;CENTER:0.48400003;RIGHT:1.506
state: 287 (287)
lastCmd: Command:STOP;Tag:50;Nodes:0;Goal:LEFT{[,]}CENTER{[,]}RIGHT{[,]};Stamp:2016-02-04T16:28:56.560
lastCmd: Command:FORWARD;Tag:51;Nodes:0;Goal:LEFT{[,]}CENTER{[,]}RIGHT{[,]};Stamp:2016-02-04T16:28:57.544
Training: currentState: 287, currentMove: FORWARD
LEFT:0.609;CENTER:0.873;RIGHT:0.86300004
state: 289 (289)
Training: currentState: 289, currentMove: FORWARD
LEFT:0.46400002;CENTER:0.59900004;RIGHT:0.46
state: 291 (291)
Training: currentState: 291, currentMove: FORWARD
LEFT:0.259;CENTER:0.63000005;RIGHT:0.559
state: 293 (293)
lastCmd: Command:STOP;Tag:52;Nodes:0;Goal:LEFT{[,]}CENTER{[,]}RIGHT{[,]};Stamp:2016-02-04T16:29:00.480
Training: currentState: 293, currentMove: FORWARD
LEFT:0.321;CENTER:0.40100002;RIGHT:0.33600003
state: 296 (229)
lastCmd: Command:RIGHT;Tag:53;Nodes:0;Goal:LEFT{[,]}CENTER{[,]}RIGHT{[,]};Stamp:2016-02-04T16:29:02.872
Training: currentState: 296, currentMove: SPIN_RIGHT
LEFT:0.091000006;CENTER:0.326;RIGHT:0.19700001
state: 297 (297)
Training: currentState: 297, currentMove: SPIN_RIGHT
LEFT:0.263;CENTER:0.091000006;RIGHT:0.21100001
state: 300 (169)
Training: currentState: 300, currentMove: SPIN_RIGHT
LEFT:0.032;CENTER:0.259;RIGHT:1.536
state: 301 (301)
Training: currentState: 301, currentMove: SPIN_RIGHT
LEFT:0.326;CENTER:0.326;RIGHT:0.82600003
state: 303 (303)
lastCmd: Command:STOP;Tag:54;Nodes:0;Goal:LEFT{[,]}CENTER{[,]}RIGHT{[,]};Stamp:2016-02-04T16:29:06.648
Training: currentState: 303, currentMove: SPIN_RIGHT
LEFT:2.5;CENTER:2.5;RIGHT:0.84200007
state: 305 (305)
lastCmd: Command:FORWARD;Tag:55;Nodes:0;Goal:LEFT{[,]}CENTER{[,]}RIGHT{[,]};Stamp:2016-02-04T16:29:08.927
Training: currentState: 305, currentMove: FORWARD
LEFT:2.5;CENTER:2.5;RIGHT:2.5
state: 307 (307)
Training: currentState: 307, currentMove: FORWARD
LEFT:0.609;CENTER:1.1350001;RIGHT:1.7780001
state: 309 (309)
Training: currentState: 309, currentMove: FORWARD
LEFT:0.446;CENTER:0.97700006;RIGHT:1.498
state: 311 (311)
lastCmd: Command:STOP;Tag:56;Nodes:0;Goal:LEFT{[,]}CENTER{[,]}RIGHT{[,]};Stamp:2016-02-04T16:29:11.847
Training: currentState: 311, currentMove: FORWARD
LEFT:0.32000002;CENTER:0.79200006;RIGHT:1.5050001
state: 313 (313)
lastCmd: Command:LEFT;Tag:57;Nodes:0;Goal:LEFT{[,]}CENTER{[,]}RIGHT{[,]};Stamp:2016-02-04T16:29:13.943
Training: currentState: 313, currentMove: SPIN_LEFT
LEFT:0.326;CENTER:1.0660001;RIGHT:1.2060001
state: 315 (315)
Training: currentState: 315, currentMove: SPIN_LEFT
LEFT:0.326;CENTER:0.64500004;RIGHT:0.55300003
state: 318 (293)
Training: currentState: 318, currentMove: SPIN_LEFT
LEFT:1.014;CENTER:0.321;RIGHT:0.33400002
state: 320 (4)
lastCmd: Command:STOP;Tag:58;Nodes:0;Goal:LEFT{[,]}CENTER{[,]}RIGHT{[,]};Stamp:2016-02-04T16:29:16.791
Training: currentState: 320, currentMove: SPIN_LEFT
LEFT:0.864;CENTER:0.88500005;RIGHT:0.25500003
state: 321 (321)
lastCmd: Command:FORWARD;Tag:59;Nodes:0;Goal:LEFT{[,]}CENTER{[,]}RIGHT{[,]};Stamp:2016-02-04T16:29:18.991
Training: currentState: 321, currentMove: FORWARD
LEFT:0.569;CENTER:0.712;RIGHT:0.76500005
state: 323 (323)
Training: currentState: 323, currentMove: FORWARD
LEFT:0.42900002;CENTER:0.698;RIGHT:0.586
state: 325 (325)
lastCmd: Command:STOP;Tag:60;Nodes:0;Goal:LEFT{[,]}CENTER{[,]}RIGHT{[,]};Stamp:2016-02-04T16:29:20.471
Training: currentState: 325, currentMove: FORWARD
LEFT:0.20500001;CENTER:0.546;RIGHT:0.544
state: 327 (327)
lastCmd: Command:RIGHT;Tag:61;Nodes:0;Goal:LEFT{[,]}CENTER{[,]}RIGHT{[,]};Stamp:2016-02-04T16:29:23.007
Training: currentState: 327, currentMove: SPIN_RIGHT
LEFT:0.33600003;CENTER:0.24300002;RIGHT:0.26700002
state: 330 (16)
Training: currentState: 330, currentMove: SPIN_RIGHT
LEFT:0.326;CENTER:0.326;RIGHT:1.107
state: 331 (331)
lastCmd: Command:STOP;Tag:62;Nodes:0;Goal:LEFT{[,]}CENTER{[,]}RIGHT{[,]};Stamp:2016-02-04T16:29:24.559
Training: currentState: 331, currentMove: SPIN_RIGHT
LEFT:0.24900001;CENTER:0.39100003;RIGHT:0.86100006
state: 333 (333)
lastCmd: Command:FORWARD;Tag:63;Nodes:0;Goal:LEFT{[,]}CENTER{[,]}RIGHT{[,]};Stamp:2016-02-04T16:29:26.887
Training: currentState: 333, currentMove: FORWARD
LEFT:0.84000003;CENTER:0.90000004;RIGHT:0.75600004
state: 335 (335)
Training: currentState: 335, currentMove: FORWARD
LEFT:1.389;CENTER:0.595;RIGHT:0.49100003
state: 337 (337)
Training: currentState: 337, currentMove: FORWARD
LEFT:2.0070002;CENTER:0.572;RIGHT:0.27100003
state: 339 (339)
Training: currentState: 339, currentMove: FORWARD
LEFT:2.5;CENTER:2.5;RIGHT:0.321
state: 341 (341)
lastCmd: Command:STOP;Tag:64;Nodes:0;Goal:LEFT{[,]}CENTER{[,]}RIGHT{[,]};Stamp:2016-02-04T16:29:31.263
Training: currentState: 341, currentMove: FORWARD
LEFT:2.5;CENTER:0.49100003;RIGHT:0.095000006
state: 343 (343)
lastCmd: Command:LEFT;Tag:65;Nodes:0;Goal:LEFT{[,]}CENTER{[,]}RIGHT{[,]};Stamp:2016-02-04T16:29:33.663
Training: currentState: 343, currentMove: SPIN_LEFT
LEFT:0.64400005;CENTER:0.326;RIGHT:0.321
state: 345 (345)
Training: currentState: 345, currentMove: SPIN_LEFT
LEFT:0.81700003;CENTER:0.425;RIGHT:0.326
state: 347 (347)
lastCmd: Command:STOP;Tag:66;Nodes:0;Goal:LEFT{[,]}CENTER{[,]}RIGHT{[,]};Stamp:2016-02-04T16:29:35.360
Training: currentState: 347, currentMove: SPIN_LEFT
LEFT:0.51000005;CENTER:0.36200002;RIGHT:0.326
state: 349 (349)
lastCmd: Command:FORWARD;Tag:67;Nodes:0;Goal:LEFT{[,]}CENTER{[,]}RIGHT{[,]};Stamp:2016-02-04T16:29:37.671
Training: currentState: 349, currentMove: FORWARD
LEFT:0.34500003;CENTER:0.321;RIGHT:0.81000006
state: 352 (9)
Training: currentState: 352, currentMove: FORWARD
LEFT:0.349;CENTER:0.624;RIGHT:0.65800005
state: 354 (293)
lastCmd: Command:STOP;Tag:68;Nodes:0;Goal:LEFT{[,]}CENTER{[,]}RIGHT{[,]};Stamp:2016-02-04T16:29:39.383
Training: currentState: 354, currentMove: FORWARD
LEFT:0.68100005;CENTER:0.326;RIGHT:0.38500002
state: 356 (345)
lastCmd: Command:BACKWARD;Tag:69;Nodes:0;Goal:LEFT{[,]}CENTER{[,]}RIGHT{[,]};Stamp:2016-02-04T16:29:42.862
Training: currentState: 356, currentMove: BACKWARD
LEFT:0.565;CENTER:0.726;RIGHT:0.661
state: 358 (323)
Training: currentState: 358, currentMove: BACKWARD
LEFT:0.55300003;CENTER:0.573;RIGHT:0.326
state: 360 (42)
Training: currentState: 360, currentMove: BACKWARD
LEFT:0.60700005;CENTER:0.573;RIGHT:0.321
state: 362 (42)
Training: currentState: 362, currentMove: BACKWARD
LEFT:0.64900005;CENTER:0.326;RIGHT:0.33
state: 364 (345)
lastCmd: Command:STOP;Tag:70;Nodes:0;Goal:LEFT{[,]}CENTER{[,]}RIGHT{[,]};Stamp:2016-02-04T16:29:47.206
Training: currentState: 364, currentMove: BACKWARD
LEFT:0.67200005;CENTER:0.326;RIGHT:0.42000002
state: 366 (345)
lastCmd: Command:RIGHT;Tag:71;Nodes:0;Goal:LEFT{[,]}CENTER{[,]}RIGHT{[,]};Stamp:2016-02-04T16:29:49.254
Training: currentState: 366, currentMove: SPIN_RIGHT
LEFT:0.397;CENTER:0.321;RIGHT:0.393
state: 368 (7)
Training: currentState: 368, currentMove: SPIN_RIGHT
LEFT:0.326;CENTER:0.45200002;RIGHT:1.317
state: 369 (369)
lastCmd: Command:STOP;Tag:72;Nodes:0;Goal:LEFT{[,]}CENTER{[,]}RIGHT{[,]};Stamp:2016-02-04T16:29:50.782
Training: currentState: 369, currentMove: SPIN_RIGHT
LEFT:0.45200002;CENTER:1.937;RIGHT:0.47100002
state: 371 (371)
lastCmd: Command:LEFT;Tag:73;Nodes:0;Goal:LEFT{[,]}CENTER{[,]}RIGHT{[,]};Stamp:2016-02-04T16:29:53.502
Training: currentState: 371, currentMove: SPIN_LEFT
LEFT:0.60300004;CENTER:0.58000004;RIGHT:0.56100005
state: 374 (195)
lastCmd: Command:STOP;Tag:74;Nodes:0;Goal:LEFT{[,]}CENTER{[,]}RIGHT{[,]};Stamp:2016-02-04T16:29:54.158
Training: currentState: 374, currentMove: SPIN_LEFT
LEFT:0.46400002;CENTER:1.368;RIGHT:0.492
state: 375 (375)
lastCmd: Command:RIGHT;Tag:75;Nodes:0;Goal:LEFT{[,]}CENTER{[,]}RIGHT{[,]};Stamp:2016-02-04T16:29:56.950
Training: currentState: 375, currentMove: SPIN_RIGHT
LEFT:0.85300004;CENTER:0.45400003;RIGHT:0.59900004
state: 377 (377)
lastCmd: Command:STOP;Tag:76;Nodes:0;Goal:LEFT{[,]}CENTER{[,]}RIGHT{[,]};Stamp:2016-02-04T16:29:57.158
Training: currentState: 377, currentMove: SPIN_RIGHT
LEFT:0.40100002;CENTER:2.5;RIGHT:0.49
state: 379 (379)
lastCmd: Command:LEFT;Tag:77;Nodes:0;Goal:LEFT{[,]}CENTER{[,]}RIGHT{[,]};Stamp:2016-02-04T16:30:00.206
Training: currentState: 379, currentMove: SPIN_LEFT
LEFT:0.624;CENTER:0.624;RIGHT:0.544
state: 382 (153)
lastCmd: Command:STOP;Tag:78;Nodes:0;Goal:LEFT{[,]}CENTER{[,]}RIGHT{[,]};Stamp:2016-02-04T16:30:00.822
Training: currentState: 382, currentMove: SPIN_LEFT
LEFT:0.46400002;CENTER:1.9480001;RIGHT:0.5
state: 384 (371)
lastCmd: Command:FORWARD;Tag:79;Nodes:0;Goal:LEFT{[,]}CENTER{[,]}RIGHT{[,]};Stamp:2016-02-04T16:30:03.134
Training: currentState: 384, currentMove: FORWARD
LEFT:0.326;CENTER:0.448;RIGHT:0.61600006
state: 386 (265)
lastCmd: Command:STOP;Tag:80;Nodes:0;Goal:LEFT{[,]}CENTER{[,]}RIGHT{[,]};Stamp:2016-02-04T16:30:04.358
Training: currentState: 386, currentMove: FORWARD
LEFT:0.34100002;CENTER:0.321;RIGHT:1.7090001
state: 387 (387)
lastCmd: Command:RIGHT;Tag:81;Nodes:0;Goal:LEFT{[,]}CENTER{[,]}RIGHT{[,]};Stamp:2016-02-04T16:30:06.318
Training: currentState: 387, currentMove: SPIN_RIGHT
LEFT:0.40100002;CENTER:1.4100001;RIGHT:1.3410001
state: 389 (389)
Training: currentState: 389, currentMove: SPIN_RIGHT
LEFT:1.6940001;CENTER:1.8370001;RIGHT:1.2800001
state: 391 (391)
lastCmd: Command:STOP;Tag:82;Nodes:0;Goal:LEFT{[,]}CENTER{[,]}RIGHT{[,]};Stamp:2016-02-04T16:30:08.013
Training: currentState: 391, currentMove: SPIN_RIGHT
LEFT:0.60300004;CENTER:0.497;RIGHT:0.60300004
state: 394 (135)
lastCmd: Command:FORWARD;Tag:83;Nodes:0;Goal:LEFT{[,]}CENTER{[,]}RIGHT{[,]};Stamp:2016-02-04T16:30:10.942
Training: currentState: 394, currentMove: FORWARD
LEFT:0.544;CENTER:0.81000006;RIGHT:0.94500005
state: 396 (191)
lastCmd: Command:STOP;Tag:84;Nodes:0;Goal:LEFT{[,]}CENTER{[,]}RIGHT{[,]};Stamp:2016-02-04T16:30:11.525
Training: currentState: 396, currentMove: FORWARD
LEFT:0.38500002;CENTER:0.63900006;RIGHT:0.71400005
state: 398 (133)
lastCmd: Command:LEFT;Tag:85;Nodes:0;Goal:LEFT{[,]}CENTER{[,]}RIGHT{[,]};Stamp:2016-02-04T16:30:14.173
Training: currentState: 398, currentMove: SPIN_LEFT
LEFT:0.326;CENTER:0.39100003;RIGHT:0.326
state: 400 (7)
Training: currentState: 400, currentMove: SPIN_LEFT
LEFT:0.324;CENTER:1.4660001;RIGHT:0.321
state: 401 (401)
lastCmd: Command:STOP;Tag:86;Nodes:0;Goal:LEFT{[,]}CENTER{[,]}RIGHT{[,]};Stamp:2016-02-04T16:30:16.397
Training: currentState: 401, currentMove: SPIN_LEFT
LEFT:0.38000003;CENTER:0.321;RIGHT:0.321
state: 404 (7)
lastCmd: Command:FORWARD;Tag:87;Nodes:0;Goal:LEFT{[,]}CENTER{[,]}RIGHT{[,]};Stamp:2016-02-04T16:30:19.317
Training: currentState: 404, currentMove: FORWARD
LEFT:0.44700003;CENTER:0.42800003;RIGHT:1.9840001
state: 405 (405)
Training: currentState: 405, currentMove: FORWARD
LEFT:0.20400001;CENTER:0.42700002;RIGHT:1.1600001
state: 407 (407)
Training: currentState: 407, currentMove: FORWARD
LEFT:0.321;CENTER:1.5810001;RIGHT:1.5630001
state: 409 (409)
Training: currentState: 409, currentMove: FORWARD
LEFT:0.697;CENTER:1.381;RIGHT:1.3000001
state: 411 (411)
Training: currentState: 411, currentMove: FORWARD
LEFT:0.53800005;CENTER:0.63500005;RIGHT:0.97
state: 413 (413)
lastCmd: Command:STOP;Tag:88;Nodes:0;Goal:LEFT{[,]}CENTER{[,]}RIGHT{[,]};Stamp:2016-02-04T16:30:24.589
Training: currentState: 413, currentMove: FORWARD
LEFT:0.439;CENTER:0.326;RIGHT:0.91700006
state: 415 (415)
lastCmd: Command:RIGHT;Tag:89;Nodes:0;Goal:LEFT{[,]}CENTER{[,]}RIGHT{[,]};Stamp:2016-02-04T16:30:28.661
Training: currentState: 415, currentMove: SPIN_RIGHT
LEFT:0.59000003;CENTER:0.758;RIGHT:0.67700005
state: 418 (225)
lastCmd: Command:STOP;Tag:90;Nodes:0;Goal:LEFT{[,]}CENTER{[,]}RIGHT{[,]};Stamp:2016-02-04T16:30:29.837
Training: currentState: 418, currentMove: SPIN_RIGHT
LEFT:0.8;CENTER:0.038000003;RIGHT:1.8670001
state: 419 (419)
lastCmd: Command:BACKWARD;Tag:91;Nodes:0;Goal:LEFT{[,]}CENTER{[,]}RIGHT{[,]};Stamp:2016-02-04T16:30:31.093
Training: currentState: 419, currentMove: BACKWARD
LEFT:0.54200006;CENTER:1.6010001;RIGHT:1.6170001
state: 421 (421)
lastCmd: Command:STOP;Tag:92;Nodes:0;Goal:LEFT{[,]}CENTER{[,]}RIGHT{[,]};Stamp:2016-02-04T16:30:32.653
Training: currentState: 421, currentMove: BACKWARD
LEFT:0.64100003;CENTER:0.059000004;RIGHT:1.702
state: 423 (423)
lastCmd: Command:RIGHT;Tag:93;Nodes:0;Goal:LEFT{[,]}CENTER{[,]}RIGHT{[,]};Stamp:2016-02-04T16:31:10.435
Training: currentState: 423, currentMove: SPIN_RIGHT
LEFT:0.523;CENTER:0.128;RIGHT:1.7170001
state: 426 (423)
Training: currentState: 426, currentMove: SPIN_RIGHT
LEFT:1.9380001;CENTER:1.983;RIGHT:1.7080001
state: 427 (427)
lastCmd: Command:STOP;Tag:94;Nodes:0;Goal:LEFT{[,]}CENTER{[,]}RIGHT{[,]};Stamp:2016-02-04T16:31:11.915
Training: currentState: 427, currentMove: SPIN_RIGHT
LEFT:1.5330001;CENTER:2.5;RIGHT:0.74600005
state: 429 (429)
lastCmd: Command:LEFT;Tag:95;Nodes:0;Goal:LEFT{[,]}CENTER{[,]}RIGHT{[,]};Stamp:2016-02-04T16:31:15.123
Training: currentState: 429, currentMove: SPIN_LEFT
LEFT:2.5;CENTER:0.504;RIGHT:0.13900001
state: 432 (343)
lastCmd: Command:STOP;Tag:96;Nodes:0;Goal:LEFT{[,]}CENTER{[,]}RIGHT{[,]};Stamp:2016-02-04T16:31:15.483
Training: currentState: 432, currentMove: SPIN_LEFT
LEFT:0.74300003;CENTER:0.76400006;RIGHT:0.48100004
state: 433 (433)
lastCmd: Command:RIGHT;Tag:97;Nodes:0;Goal:LEFT{[,]}CENTER{[,]}RIGHT{[,]};Stamp:2016-02-04T16:31:18.315
Training: currentState: 433, currentMove: SPIN_RIGHT
LEFT:2.3960001;CENTER:2.0010002;RIGHT:1.664
state: 435 (435)
lastCmd: Command:STOP;Tag:98;Nodes:0;Goal:LEFT{[,]}CENTER{[,]}RIGHT{[,]};Stamp:2016-02-04T16:31:18.763
Training: currentState: 435, currentMove: SPIN_RIGHT
LEFT:1.9610001;CENTER:0.78800005;RIGHT:0.74200004
state: 437 (437)
lastCmd: Command:STOP;Tag:99;Nodes:0;Goal:LEFT{[,]}CENTER{[,]}RIGHT{[,]};Stamp:2016-02-04T16:31:19.603
lastCmd: Command:LEFT;Tag:100;Nodes:0;Goal:LEFT{[,]}CENTER{[,]}RIGHT{[,]};Stamp:2016-02-04T16:31:21.315
Training: currentState: 437, currentMove: SPIN_LEFT
LEFT:0.41000003;CENTER:0.46400002;RIGHT:0.66200006
state: 440 (265)
lastCmd: Command:STOP;Tag:101;Nodes:0;Goal:LEFT{[,]}CENTER{[,]}RIGHT{[,]};Stamp:2016-02-04T16:31:21.796
Training: currentState: 440, currentMove: SPIN_LEFT
LEFT:0.762;CENTER:0.78700006;RIGHT:0.126
state: 441 (441)
lastCmd: Command:FORWARD;Tag:102;Nodes:0;Goal:LEFT{[,]}CENTER{[,]}RIGHT{[,]};Stamp:2016-02-04T16:31:22.651
Training: currentState: 441, currentMove: FORWARD
LEFT:1.9930001;CENTER:2.009;RIGHT:2.38
state: 443 (443)
lastCmd: Command:STOP;Tag:103;Nodes:0;Goal:LEFT{[,]}CENTER{[,]}RIGHT{[,]};Stamp:2016-02-04T16:31:24.858
Training: currentState: 443, currentMove: FORWARD
LEFT:0.77900004;CENTER:1.9020001;RIGHT:0.86300004
state: 445 (445)
lastCmd: Command:BACKWARD;Tag:104;Nodes:0;Goal:LEFT{[,]}CENTER{[,]}RIGHT{[,]};Stamp:2016-02-04T16:31:28.018
Training: currentState: 445, currentMove: BACKWARD
LEFT:0.697;CENTER:2.3200002;RIGHT:1.3850001
state: 447 (447)
Training: currentState: 447, currentMove: BACKWARD
LEFT:0.82500005;CENTER:0.86300004;RIGHT:0.855
state: 450 (131)
lastCmd: Command:STOP;Tag:105;Nodes:0;Goal:LEFT{[,]}CENTER{[,]}RIGHT{[,]};Stamp:2016-02-04T16:31:30.266
Training: currentState: 450, currentMove: BACKWARD
LEFT:0.78400004;CENTER:0.93900007;RIGHT:1.7300001
state: 451 (451)
lastCmd: Command:RIGHT;Tag:106;Nodes:0;Goal:LEFT{[,]}CENTER{[,]}RIGHT{[,]};Stamp:2016-02-04T16:31:32.522
Training: currentState: 451, currentMove: SPIN_RIGHT
LEFT:0.44500002;CENTER:2.012;RIGHT:1.5580001
state: 453 (453)
lastCmd: Command:STOP;Tag:107;Nodes:0;Goal:LEFT{[,]}CENTER{[,]}RIGHT{[,]};Stamp:2016-02-04T16:31:33.171
Training: currentState: 453, currentMove: SPIN_RIGHT
LEFT:1.6500001;CENTER:1.5970001;RIGHT:0.76400006
state: 455 (455)
lastCmd: Command:LEFT;Tag:108;Nodes:0;Goal:LEFT{[,]}CENTER{[,]}RIGHT{[,]};Stamp:2016-02-04T16:31:36.491
Training: currentState: 455, currentMove: SPIN_LEFT
LEFT:0.9760001;CENTER:0.823;RIGHT:0.09900001
state: 457 (457)
lastCmd: Command:STOP;Tag:109;Nodes:0;Goal:LEFT{[,]}CENTER{[,]}RIGHT{[,]};Stamp:2016-02-04T16:31:37.154
Training: currentState: 457, currentMove: SPIN_LEFT
LEFT:0.79200006;CENTER:2.5;RIGHT:0.748
state: 459 (459)
lastCmd: Command:RIGHT;Tag:110;Nodes:0;Goal:LEFT{[,]}CENTER{[,]}RIGHT{[,]};Stamp:2016-02-04T16:31:41.306
Training: currentState: 459, currentMove: SPIN_RIGHT
LEFT:0.83800006;CENTER:0.326;RIGHT:1.8130001
state: 461 (461)
lastCmd: Command:STOP;Tag:111;Nodes:0;Goal:LEFT{[,]}CENTER{[,]}RIGHT{[,]};Stamp:2016-02-04T16:31:41.834
Training: currentState: 461, currentMove: SPIN_RIGHT
LEFT:0.095000006;CENTER:2.5;RIGHT:0.75600004
state: 463 (463)
lastCmd: Command:STOP;Tag:112;Nodes:0;Goal:LEFT{[,]}CENTER{[,]}RIGHT{[,]};Stamp:2016-02-04T16:31:42.794
lastCmd: Command:STOP;Tag:113;Nodes:0;Goal:LEFT{[,]}CENTER{[,]}RIGHT{[,]};Stamp:2016-02-04T16:31:43.338
lastCmd: Command:BACKWARD;Tag:114;Nodes:0;Goal:LEFT{[,]}CENTER{[,]}RIGHT{[,]};Stamp:2016-02-04T16:31:45.730
Training: currentState: 463, currentMove: BACKWARD
LEFT:2.5;CENTER:2.5;RIGHT:0.12200001
state: 465 (465)
Training: currentState: 465, currentMove: BACKWARD
LEFT:2.2310002;CENTER:0.76600003;RIGHT:0.13000001
state: 467 (467)
Training: currentState: 467, currentMove: BACKWARD
LEFT:0.943;CENTER:0.952;RIGHT:0.326
state: 470 (40)
Training: currentState: 470, currentMove: BACKWARD
LEFT:0.91300005;CENTER:0.84900004;RIGHT:0.326
state: 472 (40)
Training: currentState: 472, currentMove: BACKWARD
LEFT:0.326;CENTER:0.9250001;RIGHT:0.328
state: 474 (32)
lastCmd: Command:STOP;Tag:115;Nodes:0;Goal:LEFT{[,]}CENTER{[,]}RIGHT{[,]};Stamp:2016-02-04T16:31:51.970
Training: currentState: 474, currentMove: BACKWARD
LEFT:0.321;CENTER:0.99000007;RIGHT:0.744
state: 475 (475)
lastCmd: Command:RIGHT;Tag:116;Nodes:0;Goal:LEFT{[,]}CENTER{[,]}RIGHT{[,]};Stamp:2016-02-04T16:31:54.578
Training: currentState: 475, currentMove: SPIN_RIGHT
LEFT:0.321;CENTER:1.174;RIGHT:0.44500002
state: 477 (477)
Training: currentState: 477, currentMove: SPIN_RIGHT
LEFT:0.48100004;CENTER:2.5;RIGHT:0.40100002
state: 480 (379)
Training: currentState: 480, currentMove: SPIN_RIGHT
LEFT:0.46400002;CENTER:0.48100004;RIGHT:0.22000001
state: 482 (58)
Training: currentState: 482, currentMove: SPIN_RIGHT
LEFT:0.34;CENTER:0.321;RIGHT:0.046000004
state: 484 (7)
Training: currentState: 484, currentMove: SPIN_RIGHT
LEFT:0.326;CENTER:0.067;RIGHT:0.326
state: 485 (485)
lastCmd: Command:STOP;Tag:117;Nodes:0;Goal:LEFT{[,]}CENTER{[,]}RIGHT{[,]};Stamp:2016-02-04T16:32:00.953
Training: currentState: 485, currentMove: SPIN_RIGHT
LEFT:0.05;CENTER:0.582;RIGHT:1.9920001
state: 487 (487)
lastCmd: Command:FORWARD;Tag:118;Nodes:0;Goal:LEFT{[,]}CENTER{[,]}RIGHT{[,]};Stamp:2016-02-04T16:32:03.089
Training: currentState: 487, currentMove: FORWARD
LEFT:0.54200006;CENTER:1.468;RIGHT:0.527
state: 490 (375)
Training: currentState: 490, currentMove: FORWARD
LEFT:1.695;CENTER:1.692;RIGHT:1.567
state: 491 (491)
Training: currentState: 491, currentMove: FORWARD
LEFT:1.6880001;CENTER:1.4440001;RIGHT:1.3790001
state: 493 (493)
Training: currentState: 493, currentMove: FORWARD
LEFT:1.7;CENTER:1.442;RIGHT:1.192
state: 496 (493)
Training: currentState: 496, currentMove: FORWARD
LEFT:1.2420001;CENTER:0.804;RIGHT:0.89500004
state: 498 (241)
Training: currentState: 498, currentMove: FORWARD
LEFT:0.71800005;CENTER:0.70600003;RIGHT:0.79200006
state: 500 (1)
Training: currentState: 500, currentMove: FORWARD
LEFT:0.757;CENTER:0.758;RIGHT:0.66200006
state: 502 (151)
Training: currentState: 502, currentMove: FORWARD
LEFT:0.37600002;CENTER:0.35700002;RIGHT:0.33400002
state: 504 (7)
lastCmd: Command:STOP;Tag:119;Nodes:0;Goal:LEFT{[,]}CENTER{[,]}RIGHT{[,]};Stamp:2016-02-04T16:32:13.162
Training: currentState: 504, currentMove: FORWARD
LEFT:0.326;CENTER:0.259;RIGHT:0.112
state: 506 (7)
lastCmd: Command:BACKWARD;Tag:120;Nodes:0;Goal:LEFT{[,]}CENTER{[,]}RIGHT{[,]};Stamp:2016-02-04T16:32:16.321
Training: currentState: 506, currentMove: BACKWARD
LEFT:2.5;CENTER:0.030000001;RIGHT:0.031000001
state: 508 (107)
Training: currentState: 508, currentMove: BACKWARD
LEFT:1.7;CENTER:0.086;RIGHT:0.13800001
state: 509 (509)
Training: currentState: 509, currentMove: BACKWARD
LEFT:1.3510001;CENTER:0.135;RIGHT:0.30800003
state: 512 (111)
Training: currentState: 512, currentMove: BACKWARD
LEFT:0.93900007;CENTER:0.18300001;RIGHT:0.19700001
state: 513 (513)
lastCmd: Command:STOP;Tag:121;Nodes:0;Goal:LEFT{[,]}CENTER{[,]}RIGHT{[,]};Stamp:2016-02-04T16:32:20.536
Training: currentState: 513, currentMove: BACKWARD
LEFT:0.326;CENTER:0.24900001;RIGHT:0.058000002
state: 516 (7)
lastCmd: Command:LEFT;Tag:122;Nodes:0;Goal:LEFT{[,]}CENTER{[,]}RIGHT{[,]};Stamp:2016-02-04T16:32:23.913
Training: currentState: 516, currentMove: SPIN_LEFT
LEFT:0.326;CENTER:0.32200003;RIGHT:0.12200001
state: 518 (7)
lastCmd: Command:STOP;Tag:123;Nodes:0;Goal:LEFT{[,]}CENTER{[,]}RIGHT{[,]};Stamp:2016-02-04T16:32:25.192
Training: currentState: 518, currentMove: SPIN_LEFT
LEFT:0.90900004;CENTER:0.35300002;RIGHT:0.24900001
state: 520 (4)
lastCmd: Command:FORWARD;Tag:124;Nodes:0;Goal:LEFT{[,]}CENTER{[,]}RIGHT{[,]};Stamp:2016-02-04T16:32:27.329
Training: currentState: 520, currentMove: FORWARD
LEFT:0.984;CENTER:1.028;RIGHT:1.014
state: 522 (127)
Training: currentState: 522, currentMove: FORWARD
LEFT:0.786;CENTER:0.64400005;RIGHT:0.326
state: 524 (46)
Training: currentState: 524, currentMove: FORWARD
LEFT:0.56700003;CENTER:0.61800003;RIGHT:0.326
state: 526 (42)
lastCmd: Command:STOP;Tag:125;Nodes:0;Goal:LEFT{[,]}CENTER{[,]}RIGHT{[,]};Stamp:2016-02-04T16:32:30.976
Training: currentState: 526, currentMove: FORWARD
LEFT:0.36600003;CENTER:0.397;RIGHT:0.13700001
state: 528 (7)
lastCmd: Command:STOP;Tag:126;Nodes:0;Goal:LEFT{[,]}CENTER{[,]}RIGHT{[,]};Stamp:2016-02-04T16:32:32.136
lastCmd: Command:STOP;Tag:127;Nodes:0;Goal:LEFT{[,]}CENTER{[,]}RIGHT{[,]};Stamp:2016-02-04T16:32:32.496
lastCmd: Command:STOP;Tag:-128;Nodes:0;Goal:LEFT{[,]}CENTER{[,]}RIGHT{[,]};Stamp:2016-02-04T16:32:32.736
lastCmd: Command:BACKWARD;Tag:-127;Nodes:0;Goal:LEFT{[,]}CENTER{[,]}RIGHT{[,]};Stamp:2016-02-04T16:32:33.672
Training: currentState: 528, currentMove: BACKWARD
LEFT:0.16600001;CENTER:0.19700001;RIGHT:0.040000003
state: 530 (100)
Training: currentState: 530, currentMove: BACKWARD
LEFT:0.22100002;CENTER:0.26700002;RIGHT:0.055000003
state: 532 (100)
Training: currentState: 532, currentMove: BACKWARD
LEFT:0.32200003;CENTER:0.33400002;RIGHT:0.091000006
state: 534 (7)
lastCmd: Command:STOP;Tag:-126;Nodes:0;Goal:LEFT{[,]}CENTER{[,]}RIGHT{[,]};Stamp:2016-02-04T16:32:37.209
Training: currentState: 534, currentMove: BACKWARD
LEFT:0.347;CENTER:0.38500002;RIGHT:1.3700001
state: 536 (287)
lastCmd: Command:LEFT;Tag:-125;Nodes:0;Goal:LEFT{[,]}CENTER{[,]}RIGHT{[,]};Stamp:2016-02-04T16:32:39.912
Training: currentState: 536, currentMove: SPIN_LEFT
LEFT:0.416;CENTER:0.43300003;RIGHT:0.11400001
state: 538 (58)
Training: currentState: 538, currentMove: SPIN_LEFT
LEFT:0.90800005;CENTER:0.46;RIGHT:0.40800002
state: 540 (2)
lastCmd: Command:STOP;Tag:-124;Nodes:0;Goal:LEFT{[,]}CENTER{[,]}RIGHT{[,]};Stamp:2016-02-04T16:32:42.096
Training: currentState: 540, currentMove: SPIN_LEFT
LEFT:1.2110001;CENTER:1.2320001;RIGHT:0.404
state: 541 (541)
lastCmd: Command:FORWARD;Tag:-123;Nodes:0;Goal:LEFT{[,]}CENTER{[,]}RIGHT{[,]};Stamp:2016-02-04T16:32:44.744
Training: currentState: 541, currentMove: FORWARD
LEFT:0.702;CENTER:2.5;RIGHT:1.166
state: 543 (543)
Training: currentState: 543, currentMove: FORWARD
LEFT:0.95500004;CENTER:0.92300004;RIGHT:0.90700006
state: 546 (38)
Training: currentState: 546, currentMove: FORWARD
LEFT:2.5;CENTER:2.5;RIGHT:0.77400005
state: 548 (305)
Training: currentState: 548, currentMove: FORWARD
LEFT:2.5;CENTER:2.5;RIGHT:1.1620001
state: 549 (549)
Training: currentState: 549, currentMove: FORWARD
LEFT:1.2;CENTER:2.5;RIGHT:0.804
state: 551 (551)
Training: currentState: 551, currentMove: FORWARD
LEFT:1.0990001;CENTER:1.664;RIGHT:1.0200001
state: 553 (553)
lastCmd: Command:STOP;Tag:-122;Nodes:0;Goal:LEFT{[,]}CENTER{[,]}RIGHT{[,]};Stamp:2016-02-04T16:32:53.039
Training: currentState: 553, currentMove: FORWARD
LEFT:2.5;CENTER:0.869;RIGHT:0.326
state: 555 (555)
lastCmd: Command:STOP;Tag:-121;Nodes:0;Goal:LEFT{[,]}CENTER{[,]}RIGHT{[,]};Stamp:2016-02-04T16:32:55.863
lastCmd: Command:LEFT;Tag:-120;Nodes:0;Goal:LEFT{[,]}CENTER{[,]}RIGHT{[,]};Stamp:2016-02-04T16:32:56.871
Training: currentState: 555, currentMove: SPIN_LEFT
LEFT:0.33400002;CENTER:0.614;RIGHT:0.72800004
state: 558 (133)
Training: currentState: 558, currentMove: SPIN_LEFT
LEFT:0.823;CENTER:0.326;RIGHT:0.518
state: 560 (2)
Training: currentState: 560, currentMove: SPIN_LEFT
LEFT:1.1520001;CENTER:1.121;RIGHT:2.433
state: 561 (561)
lastCmd: Command:FORWARD;Tag:-119;Nodes:0;Goal:LEFT{[,]}CENTER{[,]}RIGHT{[,]};Stamp:2016-02-04T16:33:00.007
Training: currentState: 561, currentMove: SPIN_LEFT
LEFT:0.90300006;CENTER:0.841;RIGHT:1.58
state: 564 (451)
Training: currentState: 564, currentMove: FORWARD
LEFT:0.91700006;CENTER:0.92300004;RIGHT:0.87200004
state: 566 (38)
Training: currentState: 566, currentMove: FORWARD
LEFT:0.72;CENTER:0.72900003;RIGHT:0.754
state: 568 (1)
lastCmd: Command:RIGHT;Tag:-118;Nodes:0;Goal:LEFT{[,]}CENTER{[,]}RIGHT{[,]};Stamp:2016-02-04T16:33:05.320
Training: currentState: 568, currentMove: FORWARD
LEFT:0.47500002;CENTER:0.321;RIGHT:1.626
state: 570 (387)
Training: currentState: 570, currentMove: SPIN_RIGHT
LEFT:0.22000001;CENTER:0.22700001;RIGHT:0.523
state: 572 (14)
Training: currentState: 572, currentMove: SPIN_RIGHT
LEFT:0.164;CENTER:0.321;RIGHT:0.77900004
state: 574 (9)
lastCmd: Command:FORWARD;Tag:-117;Nodes:0;Goal:LEFT{[,]}CENTER{[,]}RIGHT{[,]};Stamp:2016-02-04T16:33:08.519
Training: currentState: 574, currentMove: SPIN_RIGHT
LEFT:1.1700001;CENTER:1.225;RIGHT:1.332
state: 576 (125)
Training: currentState: 576, currentMove: FORWARD
LEFT:1.3410001;CENTER:2.5;RIGHT:1.322
state: 577 (577)
Training: currentState: 577, currentMove: FORWARD
LEFT:1.1550001;CENTER:2.5;RIGHT:2.5
state: 579 (579)
lastCmd: Command:LEFT;Tag:-116;Nodes:0;Goal:LEFT{[,]}CENTER{[,]}RIGHT{[,]};Stamp:2016-02-04T16:33:13.415
Training: currentState: 579, currentMove: FORWARD
LEFT:0.94100004;CENTER:1.2540001;RIGHT:0.929
state: 581 (581)
Training: currentState: 581, currentMove: SPIN_LEFT
LEFT:0.77300006;CENTER:2.1200001;RIGHT:1.3850001
state: 584 (447)
Training: currentState: 584, currentMove: SPIN_LEFT
LEFT:0.95400006;CENTER:0.83400005;RIGHT:0.864
state: 586 (38)
lastCmd: Command:FORWARD;Tag:-115;Nodes:0;Goal:LEFT{[,]}CENTER{[,]}RIGHT{[,]};Stamp:2016-02-04T16:33:17.526
Training: currentState: 586, currentMove: SPIN_LEFT
LEFT:0.81200004;CENTER:1.871;RIGHT:0.869
state: 588 (445)
Training: currentState: 588, currentMove: FORWARD
LEFT:0.947;CENTER:1.016;RIGHT:0.86500007
state: 590 (38)
Training: currentState: 590, currentMove: FORWARD
LEFT:0.78000003;CENTER:0.87200004;RIGHT:0.609
state: 592 (433)
lastCmd: Command:STOP;Tag:-114;Nodes:0;Goal:LEFT{[,]}CENTER{[,]}RIGHT{[,]};Stamp:2016-02-04T16:33:21.790
Training: currentState: 592, currentMove: FORWARD
LEFT:0.347;CENTER:0.47900003;RIGHT:0.574
state: 594 (133)
lastCmd: Command:BACKWARD;Tag:-113;Nodes:0;Goal:LEFT{[,]}CENTER{[,]}RIGHT{[,]};Stamp:2016-02-04T16:33:25.046
Training: currentState: 594, currentMove: BACKWARD
LEFT:0.693;CENTER:0.34;RIGHT:0.32900003
state: 596 (55)
Training: currentState: 596, currentMove: BACKWARD
LEFT:0.34800002;CENTER:0.416;RIGHT:0.39900002
state: 598 (7)
Training: currentState: 598, currentMove: BACKWARD
LEFT:0.42000002;CENTER:0.326;RIGHT:0.326
state: 600 (7)
lastCmd: Command:STOP;Tag:-112;Nodes:0;Goal:LEFT{[,]}CENTER{[,]}RIGHT{[,]};Stamp:2016-02-04T16:33:28.302
Training: currentState: 600, currentMove: BACKWARD
LEFT:0.609;CENTER:0.321;RIGHT:0.42000002
state: 602 (55)
lastCmd: Command:RIGHT;Tag:-111;Nodes:0;Goal:LEFT{[,]}CENTER{[,]}RIGHT{[,]};Stamp:2016-02-04T16:33:31.478
Training: currentState: 602, currentMove: SPIN_RIGHT
LEFT:1.1830001;CENTER:0.374;RIGHT:0.42700002
state: 603 (603)
lastCmd: Command:STOP;Tag:-110;Nodes:0;Goal:LEFT{[,]}CENTER{[,]}RIGHT{[,]};Stamp:2016-02-04T16:33:32.246
Training: currentState: 603, currentMove: SPIN_RIGHT
LEFT:0.321;CENTER:0.439;RIGHT:0.34500003
state: 606 (7)
lastCmd: Command:FORWARD;Tag:-109;Nodes:0;Goal:LEFT{[,]}CENTER{[,]}RIGHT{[,]};Stamp:2016-02-04T16:33:35.054
Training: currentState: 606, currentMove: FORWARD
LEFT:1.3440001;CENTER:1.3700001;RIGHT:1.2440001
state: 608 (243)
Training: currentState: 608, currentMove: FORWARD
LEFT:1.13;CENTER:1.1600001;RIGHT:0.943
state: 610 (127)
Training: currentState: 610, currentMove: FORWARD
LEFT:0.823;CENTER:0.915;RIGHT:0.68700004
state: 612 (38)
Training: currentState: 612, currentMove: FORWARD
LEFT:0.643;CENTER:0.67;RIGHT:0.40800002
state: 614 (42)
lastCmd: Command:STOP;Tag:-108;Nodes:0;Goal:LEFT{[,]}CENTER{[,]}RIGHT{[,]};Stamp:2016-02-04T16:33:39.670
Training: currentState: 614, currentMove: FORWARD
LEFT:0.321;CENTER:0.326;RIGHT:0.179
state: 616 (7)
lastCmd: Command:BACKWARD;Tag:-107;Nodes:0;Goal:LEFT{[,]}CENTER{[,]}RIGHT{[,]};Stamp:2016-02-04T16:33:43.661
Training: currentState: 616, currentMove: BACKWARD
LEFT:0.273;CENTER:0.30200002;RIGHT:0.058000002
state: 618 (7)
lastCmd: Command:STOP;Tag:-106;Nodes:0;Goal:LEFT{[,]}CENTER{[,]}RIGHT{[,]};Stamp:2016-02-04T16:33:45.038
Training: currentState: 618, currentMove: BACKWARD
LEFT:0.326;CENTER:0.321;RIGHT:0.126
state: 620 (7)
lastCmd: Command:LEFT;Tag:-105;Nodes:0;Goal:LEFT{[,]}CENTER{[,]}RIGHT{[,]};Stamp:2016-02-04T16:33:47.197
Training: currentState: 620, currentMove: SPIN_LEFT
LEFT:0.38500002;CENTER:0.326;RIGHT:0.18100001
state: 622 (7)
lastCmd: Command:STOP;Tag:-104;Nodes:0;Goal:LEFT{[,]}CENTER{[,]}RIGHT{[,]};Stamp:2016-02-04T16:33:48.637
Training: currentState: 622, currentMove: SPIN_LEFT
LEFT:0.70500004;CENTER:0.43300003;RIGHT:0.12200001
state: 623 (623)
lastCmd: Command:FORWARD;Tag:-103;Nodes:0;Goal:LEFT{[,]}CENTER{[,]}RIGHT{[,]};Stamp:2016-02-04T16:33:50.765
Training: currentState: 623, currentMove: FORWARD
LEFT:1.246;CENTER:1.1350001;RIGHT:1.1
state: 625 (625)
Training: currentState: 625, currentMove: FORWARD
LEFT:0.88600004;CENTER:0.845;RIGHT:0.87200004
state: 628 (38)
lastCmd: Command:STOP;Tag:-102;Nodes:0;Goal:LEFT{[,]}CENTER{[,]}RIGHT{[,]};Stamp:2016-02-04T16:33:53.357
Training: currentState: 628, currentMove: FORWARD
LEFT:0.661;CENTER:0.573;RIGHT:0.634
state: 630 (1)
lastCmd: Command:LEFT;Tag:-101;Nodes:0;Goal:LEFT{[,]}CENTER{[,]}RIGHT{[,]};Stamp:2016-02-04T16:33:55.957
Training: currentState: 630, currentMove: SPIN_LEFT
LEFT:0.321;CENTER:0.34800002;RIGHT:0.37600002
state: 632 (7)
lastCmd: Command:STOP;Tag:-100;Nodes:0;Goal:LEFT{[,]}CENTER{[,]}RIGHT{[,]};Stamp:2016-02-04T16:33:56.693
Training: currentState: 632, currentMove: SPIN_LEFT
LEFT:0.87100005;CENTER:0.73600006;RIGHT:0.349
state: 634 (31)
lastCmd: Command:RIGHT;Tag:-99;Nodes:0;Goal:LEFT{[,]}CENTER{[,]}RIGHT{[,]};Stamp:2016-02-04T16:34:00.061
Training: currentState: 634, currentMove: SPIN_RIGHT
LEFT:0.786;CENTER:0.78000003;RIGHT:0.66800004
state: 636 (1)
lastCmd: Command:STOP;Tag:-98;Nodes:0;Goal:LEFT{[,]}CENTER{[,]}RIGHT{[,]};Stamp:2016-02-04T16:34:00.542
Training: currentState: 636, currentMove: SPIN_RIGHT
LEFT:0.90700006;CENTER:0.551;RIGHT:0.36200002
state: 638 (2)
lastCmd: Command:LEFT;Tag:-97;Nodes:0;Goal:LEFT{[,]}CENTER{[,]}RIGHT{[,]};Stamp:2016-02-04T16:34:03.773
Training: currentState: 638, currentMove: SPIN_LEFT
LEFT:0.77800006;CENTER:0.393;RIGHT:0.34
state: 640 (55)
lastCmd: Command:FORWARD;Tag:-96;Nodes:0;Goal:LEFT{[,]}CENTER{[,]}RIGHT{[,]};Stamp:2016-02-04T16:34:05.133
Training: currentState: 640, currentMove: SPIN_LEFT
LEFT:0.93900007;CENTER:0.66200006;RIGHT:0.34
state: 641 (641)
Training: currentState: 641, currentMove: FORWARD
LEFT:0.8;CENTER:0.679;RIGHT:0.68100005
state: 644 (1)
Training: currentState: 644, currentMove: FORWARD
LEFT:0.94100004;CENTER:2.5;RIGHT:0.721
state: 646 (459)
Training: currentState: 646, currentMove: FORWARD
LEFT:2.5;CENTER:2.5;RIGHT:1.246
state: 648 (549)
Training: currentState: 648, currentMove: FORWARD
LEFT:2.5;CENTER:2.5;RIGHT:0.90300006
state: 650 (305)
Training: currentState: 650, currentMove: FORWARD
LEFT:2.5;CENTER:1.238;RIGHT:0.96800005
state: 651 (651)
Training: currentState: 651, currentMove: FORWARD
LEFT:2.5;CENTER:0.915;RIGHT:0.84200007
state: 653 (653)
Training: currentState: 653, currentMove: FORWARD
LEFT:2.5;CENTER:0.75600004;RIGHT:0.79600006
state: 656 (653)
lastCmd: Command:LEFT;Tag:-95;Nodes:0;Goal:LEFT{[,]}CENTER{[,]}RIGHT{[,]};Stamp:2016-02-04T16:34:16.910
Training: currentState: 656, currentMove: FORWARD
LEFT:1.092;CENTER:0.37600002;RIGHT:0.633
state: 658 (603)
Training: currentState: 658, currentMove: SPIN_LEFT
LEFT:2.5;CENTER:2.5;RIGHT:0.794
state: 660 (305)
Training: currentState: 660, currentMove: SPIN_LEFT
LEFT:1.075;CENTER:1.261;RIGHT:0.094000004
state: 661 (661)
lastCmd: Command:FORWARD;Tag:-94;Nodes:0;Goal:LEFT{[,]}CENTER{[,]}RIGHT{[,]};Stamp:2016-02-04T16:34:22.084
Training: currentState: 661, currentMove: SPIN_LEFT
LEFT:1.307;CENTER:1.0380001;RIGHT:0.572
state: 664 (145)
Training: currentState: 664, currentMove: FORWARD
LEFT:1.3440001;CENTER:1.0020001;RIGHT:1.1190001
state: 666 (625)
Training: currentState: 666, currentMove: FORWARD
LEFT:1.0990001;CENTER:1.1290001;RIGHT:0.99300003
state: 668 (127)
Training: currentState: 668, currentMove: FORWARD
LEFT:0.93900007;CENTER:2.1320002;RIGHT:1.072
state: 669 (669)
Training: currentState: 669, currentMove: FORWARD
LEFT:0.37;CENTER:1.003;RIGHT:1.19
state: 672 (215)
Training: currentState: 672, currentMove: FORWARD
LEFT:0.58100003;CENTER:0.91700006;RIGHT:0.84900004
state: 674 (191)
Training: currentState: 674, currentMove: FORWARD
LEFT:0.572;CENTER:0.77000004;RIGHT:0.546
state: 676 (1)
Training: currentState: 676, currentMove: FORWARD
LEFT:0.64100003;CENTER:0.721;RIGHT:0.45600003
state: 678 (42)
Training: currentState: 678, currentMove: FORWARD
LEFT:0.425;CENTER:0.321;RIGHT:0.33400002
state: 680 (7)
lastCmd: Command:LEFT;Tag:-93;Nodes:0;Goal:LEFT{[,]}CENTER{[,]}RIGHT{[,]};Stamp:2016-02-04T16:34:34.908
Training: currentState: 680, currentMove: FORWARD
LEFT:0.209;CENTER:0.326;RIGHT:0.38000003
state: 682 (7)
Training: currentState: 682, currentMove: SPIN_LEFT
LEFT:0.046000004;CENTER:0.28800002;RIGHT:0.18400002
state: 683 (683)
Training: currentState: 683, currentMove: SPIN_LEFT
LEFT:0.094000004;CENTER:0.101;RIGHT:0.12100001
state: 686 (105)
Training: currentState: 686, currentMove: SPIN_LEFT
LEFT:0.609;CENTER:2.5;RIGHT:0.049000002
state: 687 (687)
lastCmd: Command:FORWARD;Tag:-92;Nodes:0;Goal:LEFT{[,]}CENTER{[,]}RIGHT{[,]};Stamp:2016-02-04T16:34:42.355
Training: currentState: 687, currentMove: SPIN_LEFT
LEFT:0.95600003;CENTER:0.95100003;RIGHT:0.804
state: 690 (38)
Training: currentState: 690, currentMove: FORWARD
LEFT:0.98200005;CENTER:2.5;RIGHT:0.89400005
state: 692 (459)
Training: currentState: 692, currentMove: FORWARD
LEFT:0.33800003;CENTER:1.24;RIGHT:1.0
state: 693 (693)
lastCmd: Command:STOP;Tag:-91;Nodes:0;Goal:LEFT{[,]}CENTER{[,]}RIGHT{[,]};Stamp:2016-02-04T16:34:46.043
Training: currentState: 693, currentMove: FORWARD
LEFT:0.66200006;CENTER:1.0840001;RIGHT:0.901
state: 696 (191)
lastCmd: Command:FORWARD;Tag:-90;Nodes:0;Goal:LEFT{[,]}CENTER{[,]}RIGHT{[,]};Stamp:2016-02-04T16:35:11.282
Training: currentState: 696, currentMove: FORWARD
LEFT:0.45200002;CENTER:2.176;RIGHT:2.1690001
state: 697 (697)
Training: currentState: 697, currentMove: FORWARD
LEFT:0.726;CENTER:2.5;RIGHT:1.4380001
state: 699 (699)
Training: currentState: 699, currentMove: FORWARD
LEFT:0.81700003;CENTER:2.5;RIGHT:1.6700001
state: 701 (701)
Training: currentState: 701, currentMove: FORWARD
LEFT:1.074;CENTER:0.869;RIGHT:0.96400005
state: 704 (241)
Training: currentState: 704, currentMove: FORWARD
LEFT:0.748;CENTER:0.735;RIGHT:0.754
state: 706 (1)
Training: currentState: 706, currentMove: FORWARD
LEFT:0.49800003;CENTER:0.586;RIGHT:0.43500003
state: 708 (42)
Training: currentState: 708, currentMove: FORWARD
LEFT:0.76400006;CENTER:2.5;RIGHT:0.18100001
state: 710 (687)
Training: currentState: 710, currentMove: FORWARD
LEFT:0.878;CENTER:0.85700005;RIGHT:0.38500002
state: 712 (31)
Training: currentState: 712, currentMove: FORWARD
LEFT:0.693;CENTER:1.07;RIGHT:0.814
state: 714 (191)
lastCmd: Command:STOP;Tag:-89;Nodes:0;Goal:LEFT{[,]}CENTER{[,]}RIGHT{[,]};Stamp:2016-02-04T16:35:25.266
Training: currentState: 714, currentMove: FORWARD
LEFT:1.0200001;CENTER:1.154;RIGHT:0.326
state: 716 (541)
lastCmd: Command:LEFT;Tag:-88;Nodes:0;Goal:LEFT{[,]}CENTER{[,]}RIGHT{[,]};Stamp:2016-02-04T16:36:17.360
Training: currentState: 716, currentMove: SPIN_LEFT
LEFT:0.83400005;CENTER:0.326;RIGHT:0.326
state: 718 (2)
Training: currentState: 718, currentMove: SPIN_LEFT
LEFT:0.554;CENTER:2.5;RIGHT:0.79600006
state: 719 (719)
Training: currentState: 719, currentMove: SPIN_LEFT
LEFT:1.0320001;CENTER:0.61600006;RIGHT:0.591
state: 721 (721)
lastCmd: Command:FORWARD;Tag:-87;Nodes:0;Goal:LEFT{[,]}CENTER{[,]}RIGHT{[,]};Stamp:2016-02-04T16:36:21.056
Training: currentState: 721, currentMove: SPIN_LEFT
LEFT:0.59900004;CENTER:0.661;RIGHT:1.023
state: 724 (413)
Training: currentState: 724, currentMove: FORWARD
LEFT:0.448;CENTER:0.634;RIGHT:0.42800003
state: 726 (42)
lastCmd: Command:BACKWARD;Tag:-86;Nodes:0;Goal:LEFT{[,]}CENTER{[,]}RIGHT{[,]};Stamp:2016-02-04T16:36:24.384
Training: currentState: 726, currentMove: FORWARD
LEFT:0.321;CENTER:0.34800002;RIGHT:0.555
state: 728 (14)
Training: currentState: 728, currentMove: BACKWARD
LEFT:0.38000003;CENTER:0.34500003;RIGHT:0.30400002
state: 730 (7)
Training: currentState: 730, currentMove: BACKWARD
LEFT:0.64900005;CENTER:0.19800001;RIGHT:0.34
state: 732 (55)
Training: currentState: 732, currentMove: BACKWARD
LEFT:0.67;CENTER:0.73600006;RIGHT:0.321
state: 734 (42)
Training: currentState: 734, currentMove: BACKWARD
LEFT:0.326;CENTER:0.326;RIGHT:0.40800002
state: 736 (7)
Training: currentState: 736, currentMove: BACKWARD
LEFT:0.326;CENTER:0.35700002;RIGHT:0.483
state: 738 (14)
Training: currentState: 738, currentMove: BACKWARD
LEFT:0.47900003;CENTER:0.38900003;RIGHT:0.52500004
state: 740 (14)
Training: currentState: 740, currentMove: BACKWARD
LEFT:0.49;CENTER:0.50600004;RIGHT:0.573
state: 742 (133)
Training: currentState: 742, currentMove: BACKWARD
LEFT:0.51900005;CENTER:0.513;RIGHT:0.65400004
state: 744 (133)
lastCmd: Command:RIGHT;Tag:-85;Nodes:0;Goal:LEFT{[,]}CENTER{[,]}RIGHT{[,]};Stamp:2016-02-04T16:36:39.448
Training: currentState: 744, currentMove: BACKWARD
LEFT:0.573;CENTER:0.587;RIGHT:0.326
state: 746 (42)
Training: currentState: 746, currentMove: SPIN_RIGHT
LEFT:0.326;CENTER:0.614;RIGHT:0.326
state: 747 (747)
Training: currentState: 747, currentMove: SPIN_RIGHT
LEFT:0.82500005;CENTER:0.36;RIGHT:0.68100005
state: 749 (749)
lastCmd: Command:FORWARD;Tag:-84;Nodes:0;Goal:LEFT{[,]}CENTER{[,]}RIGHT{[,]};Stamp:2016-02-04T16:36:43.866
Training: currentState: 749, currentMove: SPIN_RIGHT
LEFT:0.68;CENTER:2.219;RIGHT:0.38900003
state: 751 (751)
Training: currentState: 751, currentMove: FORWARD
LEFT:0.439;CENTER:0.554;RIGHT:1.3610001
state: 754 (287)
lastCmd: Command:STOP;Tag:-83;Nodes:0;Goal:LEFT{[,]}CENTER{[,]}RIGHT{[,]};Stamp:2016-02-04T16:36:48.439
Training: currentState: 754, currentMove: FORWARD
LEFT:0.21700001;CENTER:0.32200003;RIGHT:0.869
state: 756 (9)
lastCmd: Command:BACKWARD;Tag:-82;Nodes:0;Goal:LEFT{[,]}CENTER{[,]}RIGHT{[,]};Stamp:2016-02-04T16:36:52.239
Training: currentState: 756, currentMove: BACKWARD
LEFT:0.67700005;CENTER:0.031000001;RIGHT:0.39900002
state: 757 (757)
Training: currentState: 757, currentMove: BACKWARD
LEFT:0.46400002;CENTER:0.112;RIGHT:0.697
state: 760 (14)
lastCmd: Command:STOP;Tag:-81;Nodes:0;Goal:LEFT{[,]}CENTER{[,]}RIGHT{[,]};Stamp:2016-02-04T16:36:54.558
Training: currentState: 760, currentMove: BACKWARD
LEFT:0.35700002;CENTER:0.80200005;RIGHT:0.772
state: 762 (273)
lastCmd: Command:RIGHT;Tag:-80;Nodes:0;Goal:LEFT{[,]}CENTER{[,]}RIGHT{[,]};Stamp:2016-02-04T16:36:57.846
Training: currentState: 762, currentMove: SPIN_RIGHT
LEFT:0.19000001;CENTER:0.289;RIGHT:0.84200007
state: 764 (9)
lastCmd: Command:STOP;Tag:-79;Nodes:0;Goal:LEFT{[,]}CENTER{[,]}RIGHT{[,]};Stamp:2016-02-04T16:36:59.086
Training: currentState: 764, currentMove: SPIN_RIGHT
LEFT:0.326;CENTER:2.5;RIGHT:0.555
state: 766 (379)
lastCmd: Command:LEFT;Tag:-78;Nodes:0;Goal:LEFT{[,]}CENTER{[,]}RIGHT{[,]};Stamp:2016-02-04T16:37:02.142
Training: currentState: 766, currentMove: SPIN_LEFT
LEFT:0.786;CENTER:0.78800005;RIGHT:0.518
state: 768 (1)
lastCmd: Command:STOP;Tag:-77;Nodes:0;Goal:LEFT{[,]}CENTER{[,]}RIGHT{[,]};Stamp:2016-02-04T16:37:02.942
Training: currentState: 768, currentMove: SPIN_LEFT
LEFT:0.326;CENTER:0.349;RIGHT:0.712
state: 770 (9)
lastCmd: Command:FORWARD;Tag:-76;Nodes:0;Goal:LEFT{[,]}CENTER{[,]}RIGHT{[,]};Stamp:2016-02-04T16:37:03.334
Training: currentState: 770, currentMove: FORWARD
LEFT:0.326;CENTER:0.326;RIGHT:0.83400005
state: 772 (9)
lastCmd: Command:STOP;Tag:-75;Nodes:0;Goal:LEFT{[,]}CENTER{[,]}RIGHT{[,]};Stamp:2016-02-04T16:37:06.503
Training: currentState: 772, currentMove: FORWARD
LEFT:0.326;CENTER:0.95600003;RIGHT:0.60700005
state: 774 (273)
lastCmd: Command:BACKWARD;Tag:-74;Nodes:0;Goal:LEFT{[,]}CENTER{[,]}RIGHT{[,]};Stamp:2016-02-04T16:37:09.942
Training: currentState: 774, currentMove: BACKWARD
LEFT:0.321;CENTER:0.952;RIGHT:0.60700005
state: 776 (273)
Training: currentState: 776, currentMove: BACKWARD
LEFT:0.326;CENTER:0.38900003;RIGHT:0.42000002
state: 778 (7)
Training: currentState: 778, currentMove: BACKWARD
LEFT:0.347;CENTER:0.326;RIGHT:0.39200002
state: 780 (7)
lastCmd: Command:STOP;Tag:-73;Nodes:0;Goal:LEFT{[,]}CENTER{[,]}RIGHT{[,]};Stamp:2016-02-04T16:37:14.030
Training: currentState: 780, currentMove: BACKWARD
LEFT:0.326;CENTER:0.326;RIGHT:0.85600007
state: 782 (9)
lastCmd: Command:LEFT;Tag:-72;Nodes:0;Goal:LEFT{[,]}CENTER{[,]}RIGHT{[,]};Stamp:2016-02-04T16:37:17.710
Training: currentState: 782, currentMove: SPIN_LEFT
LEFT:0.321;CENTER:0.32900003;RIGHT:0.448
state: 784 (14)
lastCmd: Command:STOP;Tag:-71;Nodes:0;Goal:LEFT{[,]}CENTER{[,]}RIGHT{[,]};Stamp:2016-02-04T16:37:18.710
Training: currentState: 784, currentMove: SPIN_LEFT
LEFT:0.804;CENTER:0.841;RIGHT:0.28800002
state: 786 (31)
lastCmd: Command:RIGHT;Tag:-70;Nodes:0;Goal:LEFT{[,]}CENTER{[,]}RIGHT{[,]};Stamp:2016-02-04T16:37:22.133
Training: currentState: 786, currentMove: SPIN_RIGHT
LEFT:0.754;CENTER:0.544;RIGHT:0.772
state: 788 (1)
Training: currentState: 788, currentMove: SPIN_RIGHT
LEFT:0.51500005;CENTER:0.40100002;RIGHT:0.326
state: 790 (55)
lastCmd: Command:STOP;Tag:-69;Nodes:0;Goal:LEFT{[,]}CENTER{[,]}RIGHT{[,]};Stamp:2016-02-04T16:37:24.622
Training: currentState: 790, currentMove: SPIN_RIGHT
LEFT:0.365;CENTER:0.36400002;RIGHT:0.365
state: 792 (7)
lastCmd: Command:FORWARD;Tag:-68;Nodes:0;Goal:LEFT{[,]}CENTER{[,]}RIGHT{[,]};Stamp:2016-02-04T16:37:27.990
Training: currentState: 792, currentMove: FORWARD
LEFT:0.321;CENTER:1.7160001;RIGHT:0.65300006
state: 793 (793)
Training: currentState: 793, currentMove: FORWARD
LEFT:0.374;CENTER:2.3430002;RIGHT:0.72
state: 796 (719)
Training: currentState: 796, currentMove: FORWARD
LEFT:1.4180001;CENTER:0.37600002;RIGHT:0.45600003
state: 798 (155)
Training: currentState: 798, currentMove: FORWARD
LEFT:0.933;CENTER:0.9250001;RIGHT:1.271
state: 799 (799)
Training: currentState: 799, currentMove: FORWARD
LEFT:0.841;CENTER:0.89400005;RIGHT:0.84300005
state: 802 (38)
Training: currentState: 802, currentMove: FORWARD
LEFT:1.1550001;CENTER:1.088;RIGHT:0.546
state: 804 (145)
lastCmd: Command:STOP;Tag:-67;Nodes:0;Goal:LEFT{[,]}CENTER{[,]}RIGHT{[,]};Stamp:2016-02-04T16:37:37.974
Training: currentState: 804, currentMove: FORWARD
LEFT:0.77800006;CENTER:0.37600002;RIGHT:0.321
state: 806 (55)
lastCmd: Command:BACKWARD;Tag:-66;Nodes:0;Goal:LEFT{[,]}CENTER{[,]}RIGHT{[,]};Stamp:2016-02-04T16:37:40.989
Training: currentState: 806, currentMove: BACKWARD
LEFT:0.57000005;CENTER:0.578;RIGHT:0.62600005
state: 808 (1)
Training: currentState: 808, currentMove: BACKWARD
LEFT:0.605;CENTER:0.411;RIGHT:0.689
state: 810 (749)
Training: currentState: 810, currentMove: BACKWARD
LEFT:0.44700003;CENTER:0.563;RIGHT:0.32200003
state: 812 (747)
Training: currentState: 812, currentMove: BACKWARD
LEFT:0.51500005;CENTER:0.38900003;RIGHT:0.30200002
state: 814 (55)
Training: currentState: 814, currentMove: BACKWARD
LEFT:0.698;CENTER:0.35500002;RIGHT:0.328
state: 816 (55)
Training: currentState: 816, currentMove: BACKWARD
LEFT:0.74200004;CENTER:0.96800005;RIGHT:0.321
state: 818 (31)
Training: currentState: 818, currentMove: BACKWARD
LEFT:0.83500004;CENTER:0.321;RIGHT:0.374
state: 820 (2)
lastCmd: Command:STOP;Tag:-65;Nodes:0;Goal:LEFT{[,]}CENTER{[,]}RIGHT{[,]};Stamp:2016-02-04T16:37:51.789
Training: currentState: 820, currentMove: BACKWARD
LEFT:0.91300005;CENTER:1.113;RIGHT:0.42700002
state: 822 (187)
lastCmd: Command:QUIT;Tag:-64;Nodes:0;Goal:LEFT{[,]}CENTER{[,]}RIGHT{[,]};Stamp:2016-02-04T16:37:58.211
