Timestamp 946685312115
0.45 fps (1 frames / 2217 ms)
Starting learner: Nodes: 100
0.46 fps (2 frames / 4308 ms)
0.69 fps (3 frames / 4349 ms)
0.91 fps (4 frames / 4389 ms)
1.13 fps (5 frames / 4430 ms)
1.34 fps (6 frames / 4471 ms)
1.55 fps (7 frames / 4524 ms)
1.75 fps (8 frames / 4565 ms)
1.95 fps (9 frames / 4606 ms)
2.15 fps (10 frames / 4651 ms)
2.32 fps (11 frames / 4733 ms)
2.50 fps (12 frames / 4805 ms)
2.68 fps (13 frames / 4857 ms)
2.86 fps (14 frames / 4898 ms)
3.04 fps (15 frames / 4939 ms)
3.21 fps (16 frames / 4980 ms)
3.38 fps (17 frames / 5034 ms)
3.55 fps (18 frames / 5075 ms)
3.71 fps (19 frames / 5119 ms)
3.87 fps (20 frames / 5169 ms)
4.03 fps (21 frames / 5211 ms)
Training: currentState: 1, currentMove: STOP
LEFT:0.57000005;CENTER:0.499;RIGHT:0.49600002
state: 1 (1)
3.62 fps (22 frames / 6085 ms)
Training: currentState: 1, currentMove: FORWARD
LEFT:0.499;CENTER:0.499;RIGHT:0.49600002
state: 2 (2)
3.59 fps (23 frames / 6398 ms)
Training: currentState: 2, currentMove: FORWARD
LEFT:0.321;CENTER:0.45600003;RIGHT:0.45600003
state: 3 (3)
3.65 fps (24 frames / 6575 ms)
Training: currentState: 3, currentMove: FORWARD
LEFT:0.326;CENTER:0.42800003;RIGHT:0.42900002
state: 4 (4)
3.69 fps (25 frames / 6778 ms)
Training: currentState: 4, currentMove: FORWARD
LEFT:0.321;CENTER:0.40800002;RIGHT:0.40100002
state: 5 (5)
3.66 fps (26 frames / 7097 ms)
Training: currentState: 5, currentMove: FORWARD
LEFT:0.328;CENTER:0.347;RIGHT:0.326
state: 6 (6)
3.57 fps (27 frames / 7564 ms)
Training: currentState: 6, currentMove: FORWARD
LEFT:0.326;CENTER:0.257;RIGHT:0.23600002
state: 7 (7)
3.48 fps (28 frames / 8049 ms)
Training: currentState: 7, currentMove: SPIN_RIGHT
LEFT:0.326;CENTER:0.16600001;RIGHT:0.162
state: 8 (8)
3.49 fps (29 frames / 8305 ms)
Training: currentState: 8, currentMove: SPIN_RIGHT
LEFT:0.326;CENTER:0.17300001;RIGHT:0.18100001
state: 9 (9)
3.51 fps (30 frames / 8555 ms)
Training: currentState: 9, currentMove: SPIN_RIGHT
LEFT:0.20500001;CENTER:0.43500003;RIGHT:0.19800001
state: 10 (10)
3.53 fps (31 frames / 8770 ms)
Training: currentState: 10, currentMove: SPIN_RIGHT
LEFT:0.17300001;CENTER:0.326;RIGHT:0.328
state: 11 (11)
3.56 fps (32 frames / 8982 ms)
Training: currentState: 11, currentMove: SPIN_RIGHT
LEFT:0.156;CENTER:0.19100001;RIGHT:0.326
state: 12 (12)
3.61 fps (33 frames / 9148 ms)
Training: currentState: 12, currentMove: SPIN_RIGHT
LEFT:0.147;CENTER:0.19100001;RIGHT:0.326
state: 13 (13)
3.64 fps (34 frames / 9340 ms)
Training: currentState: 13, currentMove: SPIN_RIGHT
LEFT:0.135;CENTER:0.326;RIGHT:2.5
state: 14 (14)
3.67 fps (35 frames / 9525 ms)
Training: currentState: 14, currentMove: SPIN_RIGHT
LEFT:0.128;CENTER:0.326;RIGHT:2.5
state: 15 (15)
3.70 fps (36 frames / 9741 ms)
Training: currentState: 15, currentMove: SPIN_RIGHT
LEFT:0.126;CENTER:0.321;RIGHT:1.0910001
state: 16 (16)
3.72 fps (37 frames / 9946 ms)
Training: currentState: 16, currentMove: SPIN_RIGHT
LEFT:0.13700001;CENTER:0.864;RIGHT:0.78400004
state: 17 (17)
3.74 fps (38 frames / 10172 ms)
Training: currentState: 17, currentMove: SPIN_RIGHT
LEFT:0.143;CENTER:0.869;RIGHT:1.014
state: 18 (18)
3.74 fps (39 frames / 10439 ms)
Training: currentState: 18, currentMove: SPIN_RIGHT
LEFT:0.901;CENTER:2.5;RIGHT:0.9760001
state: 19 (19)
3.75 fps (40 frames / 10668 ms)
Training: currentState: 19, currentMove: FORWARD
LEFT:1.036;CENTER:0.915;RIGHT:0.915
state: 20 (20)
3.77 fps (41 frames / 10881 ms)
Training: currentState: 20, currentMove: FORWARD
LEFT:0.79600006;CENTER:0.841;RIGHT:0.79600006
state: 21 (21)
3.78 fps (42 frames / 11123 ms)
Training: currentState: 21, currentMove: FORWARD
LEFT:0.78000003;CENTER:0.81700003;RIGHT:0.947
state: 22 (22)
3.79 fps (43 frames / 11345 ms)
Training: currentState: 22, currentMove: FORWARD
LEFT:0.75000006;CENTER:2.5;RIGHT:0.9480001
state: 23 (23)
3.78 fps (44 frames / 11643 ms)
Training: currentState: 23, currentMove: FORWARD
LEFT:0.754;CENTER:0.841;RIGHT:0.90200007
state: 24 (24)
3.77 fps (45 frames / 11926 ms)
Training: currentState: 24, currentMove: FORWARD
LEFT:1.1190001;CENTER:2.5;RIGHT:0.86300004
state: 25 (25)
3.80 fps (46 frames / 12116 ms)
Training: currentState: 25, currentMove: FORWARD
LEFT:2.5;CENTER:2.5;RIGHT:0.77400005
state: 26 (26)
3.82 fps (47 frames / 12293 ms)
Training: currentState: 26, currentMove: FORWARD
LEFT:2.5;CENTER:2.5;RIGHT:0.76400006
state: 27 (27)
3.84 fps (48 frames / 12498 ms)
Training: currentState: 27, currentMove: FORWARD
LEFT:0.68700004;CENTER:0.84300005;RIGHT:0.77000004
state: 28 (28)
3.85 fps (49 frames / 12724 ms)
Training: currentState: 28, currentMove: FORWARD
LEFT:0.68700004;CENTER:0.818;RIGHT:0.754
state: 29 (29)
3.86 fps (50 frames / 12956 ms)
Training: currentState: 29, currentMove: FORWARD
LEFT:0.68700004;CENTER:2.5;RIGHT:0.748
state: 30 (30)
3.85 fps (51 frames / 13256 ms)
Training: currentState: 30, currentMove: FORWARD
LEFT:0.65300006;CENTER:0.754;RIGHT:0.689
state: 31 (31)
3.87 fps (52 frames / 13434 ms)
Training: currentState: 31, currentMove: FORWARD
LEFT:0.574;CENTER:2.5;RIGHT:0.64900005
state: 32 (32)
3.87 fps (53 frames / 13694 ms)
Training: currentState: 32, currentMove: FORWARD
LEFT:1.6570001;CENTER:2.5;RIGHT:0.60300004
state: 33 (33)
3.87 fps (54 frames / 13957 ms)
Training: currentState: 33, currentMove: FORWARD
LEFT:0.95500004;CENTER:2.5;RIGHT:0.70500004
state: 34 (34)
3.87 fps (55 frames / 14195 ms)
Training: currentState: 34, currentMove: FORWARD
LEFT:1.3240001;CENTER:1.3180001;RIGHT:0.532
state: 35 (35)
3.90 fps (56 frames / 14349 ms)
Training: currentState: 35, currentMove: FORWARD
LEFT:1.498;CENTER:1.1620001;RIGHT:0.34
state: 36 (36)
3.93 fps (57 frames / 14511 ms)
Training: currentState: 36, currentMove: FORWARD
LEFT:1.1010001;CENTER:2.23;RIGHT:0.49600002
state: 37 (37)
3.94 fps (58 frames / 14727 ms)
Training: currentState: 37, currentMove: FORWARD
LEFT:1.016;CENTER:2.5;RIGHT:0.48100004
state: 38 (38)
3.94 fps (59 frames / 14960 ms)
Training: currentState: 38, currentMove: SPIN_RIGHT
LEFT:1.4260001;CENTER:2.5;RIGHT:0.437
state: 39 (39)
3.93 fps (60 frames / 15250 ms)
Training: currentState: 39, currentMove: SPIN_RIGHT
LEFT:0.95600003;CENTER:2.5;RIGHT:0.42000002
state: 40 (40)
3.93 fps (61 frames / 15523 ms)
Training: currentState: 40, currentMove: SPIN_RIGHT
LEFT:0.95600003;CENTER:0.51000005;RIGHT:0.37
state: 41 (41)
3.92 fps (62 frames / 15820 ms)
Training: currentState: 41, currentMove: SPIN_RIGHT
LEFT:2.227;CENTER:0.483;RIGHT:0.46400002
state: 42 (42)
3.91 fps (63 frames / 16123 ms)
Training: currentState: 42, currentMove: SPIN_RIGHT
LEFT:0.544;CENTER:0.483;RIGHT:0.51900005
state: 43 (43)
3.88 fps (64 frames / 16495 ms)
Training: currentState: 43, currentMove: SPIN_RIGHT
LEFT:2.394;CENTER:0.509;RIGHT:0.563
state: 44 (44)
3.90 fps (65 frames / 16681 ms)
Training: currentState: 44, currentMove: SPIN_RIGHT
LEFT:0.45200002;CENTER:0.546;RIGHT:0.605
state: 45 (45)
3.92 fps (66 frames / 16853 ms)
Training: currentState: 45, currentMove: SPIN_RIGHT
LEFT:0.441;CENTER:0.546;RIGHT:0.64500004
state: 46 (46)
3.94 fps (67 frames / 17002 ms)
Training: currentState: 46, currentMove: SPIN_RIGHT
LEFT:0.42700002;CENTER:0.559;RIGHT:0.68500006
state: 47 (47)
3.96 fps (68 frames / 17187 ms)
Training: currentState: 47, currentMove: SPIN_RIGHT
LEFT:0.418;CENTER:1.2360001;RIGHT:0.698
state: 48 (48)
3.96 fps (69 frames / 17439 ms)
Training: currentState: 48, currentMove: FORWARD
LEFT:0.42800003;CENTER:0.62200004;RIGHT:0.698
state: 49 (49)
3.98 fps (70 frames / 17579 ms)
Training: currentState: 49, currentMove: FORWARD
LEFT:0.46400002;CENTER:0.321;RIGHT:0.698
state: 50 (50)
4.00 fps (71 frames / 17746 ms)
Training: currentState: 50, currentMove: FORWARD
LEFT:0.446;CENTER:0.582;RIGHT:2.062
state: 51 (51)
4.01 fps (72 frames / 17934 ms)
Training: currentState: 51, currentMove: FORWARD
LEFT:0.43500003;CENTER:0.35300002;RIGHT:2.043
state: 52 (52)
4.03 fps (73 frames / 18093 ms)
Training: currentState: 52, currentMove: FORWARD
LEFT:0.41200003;CENTER:0.321;RIGHT:2.009
state: 53 (53)
4.05 fps (74 frames / 18270 ms)
Training: currentState: 53, currentMove: FORWARD
LEFT:0.326;CENTER:0.326;RIGHT:1.9740001
state: 54 (54)
4.06 fps (75 frames / 18460 ms)
Training: currentState: 54, currentMove: FORWARD
LEFT:0.38900003;CENTER:0.47100002;RIGHT:1.9480001
state: 55 (55)
4.06 fps (76 frames / 18703 ms)
Training: currentState: 55, currentMove: FORWARD
LEFT:0.35500002;CENTER:0.35500002;RIGHT:1.9340001
state: 56 (56)
4.07 fps (77 frames / 18920 ms)
Training: currentState: 56, currentMove: FORWARD
LEFT:0.34;CENTER:0.62200004;RIGHT:0.509
state: 57 (57)
4.06 fps (78 frames / 19195 ms)
Training: currentState: 57, currentMove: FORWARD
LEFT:0.34;CENTER:0.614;RIGHT:0.416
state: 58 (58)
4.06 fps (79 frames / 19446 ms)
Training: currentState: 58, currentMove: FORWARD
LEFT:0.326;CENTER:0.546;RIGHT:0.39100003
state: 59 (59)
4.06 fps (80 frames / 19687 ms)
Training: currentState: 59, currentMove: SPIN_RIGHT
LEFT:0.321;CENTER:0.43500003;RIGHT:0.34800002
state: 60 (60)
4.08 fps (81 frames / 19848 ms)
Training: currentState: 60, currentMove: SPIN_RIGHT
LEFT:0.321;CENTER:0.509;RIGHT:0.38500002
state: 61 (61)
4.10 fps (82 frames / 20001 ms)
Training: currentState: 61, currentMove: SPIN_RIGHT
LEFT:0.321;CENTER:0.47900003;RIGHT:1.7910001
state: 62 (62)
4.12 fps (83 frames / 20151 ms)
Training: currentState: 62, currentMove: SPIN_RIGHT
LEFT:0.326;CENTER:0.509;RIGHT:1.5330001
state: 63 (63)
4.14 fps (84 frames / 20310 ms)
Training: currentState: 63, currentMove: SPIN_RIGHT
LEFT:0.326;CENTER:0.49600002;RIGHT:1.8030001
state: 64 (64)
4.15 fps (85 frames / 20494 ms)
Training: currentState: 64, currentMove: SPIN_RIGHT
LEFT:0.326;CENTER:0.51900005;RIGHT:1.835
state: 65 (65)
4.16 fps (86 frames / 20672 ms)
Training: currentState: 65, currentMove: SPIN_RIGHT
LEFT:0.42900002;CENTER:0.51900005;RIGHT:1.3790001
state: 66 (66)
4.18 fps (87 frames / 20813 ms)
Training: currentState: 66, currentMove: SPIN_RIGHT
LEFT:0.36100003;CENTER:0.90700006;RIGHT:1.376
state: 67 (67)
4.20 fps (88 frames / 20929 ms)
Training: currentState: 67, currentMove: SPIN_RIGHT
LEFT:0.347;CENTER:1.307;RIGHT:1.3720001
state: 68 (68)
4.22 fps (89 frames / 21078 ms)
Training: currentState: 68, currentMove: SPIN_RIGHT
LEFT:0.326;CENTER:1.1980001;RIGHT:1.3850001
state: 69 (69)
4.23 fps (90 frames / 21259 ms)
Training: currentState: 69, currentMove: SPIN_RIGHT
LEFT:0.326;CENTER:1.3950001;RIGHT:1.406
state: 70 (70)
4.25 fps (91 frames / 21430 ms)
Training: currentState: 70, currentMove: SPIN_RIGHT
LEFT:0.321;CENTER:1.549;RIGHT:1.4260001
state: 71 (71)
4.25 fps (92 frames / 21624 ms)
Training: currentState: 71, currentMove: SPIN_RIGHT
LEFT:0.326;CENTER:1.3700001;RIGHT:1.585
state: 72 (72)
4.27 fps (93 frames / 21771 ms)
Training: currentState: 72, currentMove: SPIN_RIGHT
LEFT:0.66800004;CENTER:0.823;RIGHT:0.92100006
state: 73 (73)
4.27 fps (94 frames / 22003 ms)
Training: currentState: 73, currentMove: FORWARD
LEFT:1.3720001;CENTER:0.81000006;RIGHT:1.6270001
state: 74 (74)
4.29 fps (95 frames / 22156 ms)
Training: currentState: 74, currentMove: FORWARD
LEFT:0.864;CENTER:0.96800005;RIGHT:0.69600004
state: 75 (75)
4.31 fps (96 frames / 22294 ms)
Training: currentState: 75, currentMove: FORWARD
LEFT:1.2190001;CENTER:0.75100005;RIGHT:0.73600006
state: 76 (76)
4.32 fps (97 frames / 22442 ms)
Training: currentState: 76, currentMove: FORWARD
LEFT:0.901;CENTER:0.9250001;RIGHT:0.73600006
state: 77 (77)
4.34 fps (98 frames / 22596 ms)
Training: currentState: 77, currentMove: FORWARD
LEFT:1.263;CENTER:1.0200001;RIGHT:0.69500005
state: 78 (78)
4.35 fps (99 frames / 22733 ms)
Training: currentState: 78, currentMove: FORWARD
LEFT:0.78800005;CENTER:1.001;RIGHT:0.69500005
state: 79 (79)
4.37 fps (100 frames / 22878 ms)
Training: currentState: 79, currentMove: FORWARD
LEFT:0.947;CENTER:0.9250001;RIGHT:0.62600005
state: 80 (80)
4.38 fps (101 frames / 23060 ms)
Training: currentState: 80, currentMove: FORWARD
LEFT:0.823;CENTER:0.326;RIGHT:0.661
state: 81 (81)
4.39 fps (102 frames / 23258 ms)
Training: currentState: 81, currentMove: FORWARD
LEFT:1.4130001;CENTER:1.1960001;RIGHT:0.34
state: 82 (82)
4.39 fps (103 frames / 23453 ms)
Training: currentState: 82, currentMove: FORWARD
LEFT:0.818;CENTER:1.172;RIGHT:0.34500003
state: 83 (83)
4.40 fps (104 frames / 23623 ms)
Training: currentState: 83, currentMove: FORWARD
LEFT:1.131;CENTER:1.139;RIGHT:0.55300003
state: 84 (84)
4.42 fps (105 frames / 23743 ms)
Training: currentState: 84, currentMove: FORWARD
LEFT:1.654;CENTER:0.89900005;RIGHT:0.84300005
state: 85 (85)
4.44 fps (106 frames / 23854 ms)
Training: currentState: 85, currentMove: FORWARD
LEFT:1.4020001;CENTER:1.1;RIGHT:0.5
state: 86 (86)
4.46 fps (107 frames / 23979 ms)
Training: currentState: 86, currentMove: FORWARD
LEFT:1.4020001;CENTER:0.5;RIGHT:0.47100002
state: 87 (87)
4.48 fps (108 frames / 24124 ms)
Training: currentState: 87, currentMove: FORWARD
LEFT:1.7400001;CENTER:1.054;RIGHT:0.51500005
state: 88 (88)
4.50 fps (109 frames / 24234 ms)
Training: currentState: 88, currentMove: FORWARD
LEFT:1.174;CENTER:1.0600001;RIGHT:0.326
state: 89 (89)
4.51 fps (110 frames / 24366 ms)
Training: currentState: 89, currentMove: FORWARD
LEFT:0.804;CENTER:0.39900002;RIGHT:0.42800003
state: 90 (90)
4.53 fps (111 frames / 24483 ms)
Training: currentState: 90, currentMove: FORWARD
LEFT:1.4970001;CENTER:0.35500002;RIGHT:0.47500002
state: 91 (91)
4.56 fps (112 frames / 24588 ms)
Training: currentState: 91, currentMove: FORWARD
LEFT:1.123;CENTER:0.321;RIGHT:0.45600003
state: 92 (92)
4.57 fps (113 frames / 24744 ms)
Training: currentState: 92, currentMove: FORWARD
LEFT:0.84700006;CENTER:0.326;RIGHT:0.416
state: 93 (93)
4.58 fps (114 frames / 24897 ms)
Training: currentState: 93, currentMove: FORWARD
LEFT:0.418;CENTER:0.321;RIGHT:0.411
state: 94 (94)
4.60 fps (115 frames / 25026 ms)
Training: currentState: 94, currentMove: FORWARD
LEFT:0.321;CENTER:0.32900003;RIGHT:0.41200003
state: 95 (95)
4.61 fps (116 frames / 25150 ms)
Training: currentState: 95, currentMove: FORWARD
LEFT:1.0580001;CENTER:0.321;RIGHT:0.42700002
state: 96 (96)
4.63 fps (117 frames / 25290 ms)
Training: currentState: 96, currentMove: FORWARD
LEFT:0.43300003;CENTER:0.85700005;RIGHT:0.38500002
state: 97 (97)
4.64 fps (118 frames / 25431 ms)
Training: currentState: 97, currentMove: FORWARD
LEFT:0.492;CENTER:0.855;RIGHT:0.38900003
state: 98 (98)
4.65 fps (119 frames / 25574 ms)
Training: currentState: 98, currentMove: FORWARD
LEFT:0.33400002;CENTER:0.625;RIGHT:0.504
state: 99 (99)
4.66 fps (120 frames / 25754 ms)
Training: currentState: 99, currentMove: FORWARD
LEFT:0.78800005;CENTER:0.321;RIGHT:0.35700002
state: 100 (100)
4.68 fps (121 frames / 25870 ms)
Training: currentState: 100, currentMove: FORWARD
LEFT:0.49;CENTER:0.326;RIGHT:0.349
state: 101 (101)
3.68 fps (122 frames / 33111 ms)
Training: currentState: 101, currentMove: FORWARD
LEFT:2.5;CENTER:2.5;RIGHT:2.5
state: 103 (103)
3.38 fps (123 frames / 36389 ms)
Training: currentState: 103, currentMove: SPIN_LEFT
LEFT:0.87900007;CENTER:0.112;RIGHT:0.33
state: 105 (105)
3.17 fps (124 frames / 39169 ms)
Training: currentState: 105, currentMove: SPIN_LEFT
LEFT:0.326;CENTER:0.082;RIGHT:0.030000001
state: 107 (107)
3.00 fps (125 frames / 41625 ms)
Training: currentState: 107, currentMove: SPIN_LEFT
LEFT:1.2080001;CENTER:1.5970001;RIGHT:0.040000003
state: 109 (109)
2.89 fps (126 frames / 43528 ms)
Training: currentState: 109, currentMove: SPIN_LEFT
LEFT:0.93000007;CENTER:1.6110001;RIGHT:2.0640001
state: 111 (111)
2.79 fps (127 frames / 45543 ms)
Training: currentState: 111, currentMove: SPIN_LEFT
LEFT:1.7700001;CENTER:1.626;RIGHT:0.37600002
state: 113 (113)
2.70 fps (128 frames / 47479 ms)
2.70 fps (129 frames / 47832 ms)
2.72 fps (130 frames / 47873 ms)
Training: currentState: 113, currentMove: STOP
LEFT:0.23700002;CENTER:2.5;RIGHT:1.6190001
state: 115 (115)
2.62 fps (131 frames / 50043 ms)
Training: currentState: 115, currentMove: BACKWARD
LEFT:0.24100001;CENTER:0.28;RIGHT:0.86100006
state: 117 (117)
2.55 fps (132 frames / 51764 ms)
Training: currentState: 117, currentMove: BACKWARD
LEFT:0.22800002;CENTER:0.439;RIGHT:0.418
state: 119 (119)
2.49 fps (133 frames / 53462 ms)
Training: currentState: 119, currentMove: BACKWARD
LEFT:0.19000001;CENTER:0.563;RIGHT:0.39100003
state: 121 (121)
2.42 fps (134 frames / 55271 ms)
Training: currentState: 121, currentMove: BACKWARD
LEFT:0.22500001;CENTER:1.389;RIGHT:1.1730001
state: 123 (123)
2.37 fps (135 frames / 57018 ms)
Training: currentState: 123, currentMove: BACKWARD
LEFT:0.259;CENTER:2.5;RIGHT:1.315
state: 125 (125)
2.31 fps (136 frames / 58854 ms)
Training: currentState: 125, currentMove: BACKWARD
LEFT:0.326;CENTER:0.35700002;RIGHT:1.299
state: 127 (127)
2.26 fps (137 frames / 60667 ms)
Training: currentState: 127, currentMove: BACKWARD
LEFT:0.33;CENTER:0.34500003;RIGHT:1.7670001
state: 129 (129)
2.21 fps (138 frames / 62538 ms)
Training: currentState: 129, currentMove: BACKWARD
LEFT:0.33400002;CENTER:0.326;RIGHT:1.7620001
state: 132 (129)
2.16 fps (139 frames / 64345 ms)
Training: currentState: 132, currentMove: BACKWARD
LEFT:0.32900003;CENTER:0.321;RIGHT:1.7620001
state: 134 (129)
2.12 fps (140 frames / 66146 ms)
Training: currentState: 134, currentMove: BACKWARD
LEFT:0.33800003;CENTER:0.321;RIGHT:1.547
state: 135 (135)
2.07 fps (141 frames / 68028 ms)
Training: currentState: 135, currentMove: BACKWARD
LEFT:0.33800003;CENTER:0.38500002;RIGHT:1.738
state: 138 (129)
2.03 fps (142 frames / 69917 ms)
Training: currentState: 138, currentMove: BACKWARD
LEFT:0.34;CENTER:2.48;RIGHT:1.539
state: 139 (139)
1.99 fps (143 frames / 71876 ms)
Training: currentState: 139, currentMove: FORWARD
LEFT:0.349;CENTER:1.6340001;RIGHT:1.557
state: 141 (141)
1.95 fps (144 frames / 73853 ms)
Training: currentState: 141, currentMove: FORWARD
LEFT:0.455;CENTER:1.1810001;RIGHT:1.105
state: 143 (143)
1.91 fps (145 frames / 75754 ms)
Training: currentState: 143, currentMove: FORWARD
LEFT:0.823;CENTER:0.78800005;RIGHT:1.014
state: 145 (145)
1.88 fps (146 frames / 77618 ms)
Training: currentState: 145, currentMove: FORWARD
LEFT:0.869;CENTER:0.532;RIGHT:0.49800003
state: 147 (147)
1.85 fps (147 frames / 79488 ms)
Training: currentState: 147, currentMove: FORWARD
LEFT:0.75000006;CENTER:0.326;RIGHT:0.321
state: 150 (100)
1.82 fps (148 frames / 81391 ms)
Training: currentState: 150, currentMove: FORWARD
LEFT:0.469;CENTER:0.326;RIGHT:0.34
state: 152 (101)
1.79 fps (149 frames / 83299 ms)
Training: currentState: 152, currentMove: FORWARD
LEFT:0.33800003;CENTER:2.081;RIGHT:0.18100001
state: 153 (153)
1.76 fps (150 frames / 85240 ms)
Training: currentState: 153, currentMove: FORWARD
LEFT:0.61700004;CENTER:0.33400002;RIGHT:0.321
state: 155 (155)
1.73 fps (151 frames / 87178 ms)
Training: currentState: 155, currentMove: FORWARD
LEFT:0.40100002;CENTER:0.46400002;RIGHT:0.609
state: 157 (157)
1.70 fps (152 frames / 89170 ms)
Training: currentState: 157, currentMove: FORWARD
LEFT:0.744;CENTER:0.748;RIGHT:0.326
state: 159 (159)
1.68 fps (153 frames / 91095 ms)
Training: currentState: 159, currentMove: FORWARD
LEFT:0.71400005;CENTER:0.76600003;RIGHT:0.326
state: 162 (159)
1.65 fps (154 frames / 93063 ms)
Training: currentState: 162, currentMove: FORWARD
LEFT:0.71300006;CENTER:0.609;RIGHT:0.326
state: 163 (163)
1.63 fps (155 frames / 95042 ms)
Training: currentState: 163, currentMove: FORWARD
LEFT:0.712;CENTER:0.712;RIGHT:0.326
state: 166 (159)
1.61 fps (156 frames / 97029 ms)
Training: currentState: 166, currentMove: FORWARD
LEFT:0.35200003;CENTER:0.712;RIGHT:0.439
state: 167 (167)
1.59 fps (157 frames / 98956 ms)
Training: currentState: 167, currentMove: FORWARD
LEFT:0.559;CENTER:2.5;RIGHT:0.91700006
state: 169 (169)
1.57 fps (158 frames / 100950 ms)
Training: currentState: 169, currentMove: FORWARD
LEFT:0.326;CENTER:0.85700005;RIGHT:0.71800005
state: 171 (171)
1.54 fps (159 frames / 102981 ms)
Training: currentState: 171, currentMove: FORWARD
LEFT:0.101;CENTER:0.624;RIGHT:0.33
state: 173 (173)
1.52 fps (160 frames / 105143 ms)
Saving 2016-02-03T11:38:07.620; 161541 chars
