Starting up...
Timestamp 946686708899
In mode WAITING and doing nothing
In mode WAITING and doing nothing
In mode WAITING and doing nothing
In mode WAITING and doing nothing
In mode WAITING and doing nothing
Message received: STARTING
Timestamp 946686716382
Starting: clusters: 16, shrink: 4
learning; STOP
learning; STOP
learning; STOP
learning; STOP
learning; STOP
learning; STOP
learning; STOP
learning; STOP
learning; STOP
learning; STOP
learning; STOP
learning; STOP
learning; STOP
learning; STOP
learning; STOP
learning; STOP
learning; STOP
learning; STOP
learning; STOP
learning; STOP
Message received: LEARNING
learning; FORWARD
learning; FORWARD
learning; FORWARD
learning; FORWARD
learning; FORWARD
learning; FORWARD
learning; FORWARD
learning; FORWARD
learning; FORWARD
Message received: LEARNING
learning; LEFT
learning; LEFT
learning; LEFT
learning; LEFT
learning; LEFT
Message received: LEARNING
learning; FORWARD
learning; FORWARD
learning; FORWARD
learning; FORWARD
learning; FORWARD
learning; FORWARD
learning; FORWARD
learning; FORWARD
learning; FORWARD
learning; FORWARD
learning; FORWARD
Message received: LEARNING
learning; LEFT
learning; LEFT
learning; LEFT
learning; LEFT
learning; LEFT
learning; LEFT
learning; LEFT
learning; LEFT
learning; LEFT
learning; LEFT
learning; LEFT
learning; LEFT
learning; LEFT
learning; LEFT
learning; LEFT
learning; LEFT
learning; LEFT
Message received: LEARNING
learning; FORWARD
learning; FORWARD
learning; FORWARD
learning; FORWARD
learning; FORWARD
learning; FORWARD
learning; FORWARD
learning; FORWARD
learning; FORWARD
learning; FORWARD
learning; FORWARD
learning; FORWARD
learning; FORWARD
learning; FORWARD
learning; FORWARD
learning; FORWARD
learning; FORWARD
learning; FORWARD
learning; FORWARD
learning; FORWARD
learning; FORWARD
learning; FORWARD
learning; FORWARD
learning; FORWARD
learning; FORWARD
learning; FORWARD
Message received: LEARNING
learning; LEFT
learning; LEFT
learning; LEFT
learning; LEFT
learning; LEFT
learning; LEFT
learning; LEFT
learning; LEFT
learning; LEFT
learning; LEFT
learning; LEFT
learning; LEFT
learning; LEFT
learning; LEFT
learning; LEFT
learning; LEFT
learning; LEFT
learning; LEFT
learning; LEFT
learning; LEFT
learning; LEFT
learning; LEFT
learning; LEFT
learning; LEFT
Message received: LEARNING
learning; FORWARD
learning; FORWARD
learning; FORWARD
learning; FORWARD
learning; FORWARD
learning; FORWARD
learning; FORWARD
learning; FORWARD
learning; FORWARD
learning; FORWARD
learning; FORWARD
learning; FORWARD
learning; FORWARD
learning; FORWARD
learning; FORWARD
learning; FORWARD
learning; FORWARD
learning; FORWARD
learning; FORWARD
learning; FORWARD
learning; FORWARD
learning; FORWARD
learning; FORWARD
learning; FORWARD
learning; FORWARD
learning; FORWARD
learning; FORWARD
learning; FORWARD
learning; FORWARD
learning; FORWARD
learning; FORWARD
learning; FORWARD
learning; FORWARD
learning; FORWARD
learning; FORWARD
learning; FORWARD
learning; FORWARD
learning; FORWARD
learning; FORWARD
learning; FORWARD
learning; FORWARD
learning; FORWARD
learning; FORWARD
learning; FORWARD
learning; FORWARD
learning; FORWARD
learning; FORWARD
learning; FORWARD
learning; FORWARD
learning; FORWARD
learning; FORWARD
learning; FORWARD
learning; FORWARD
learning; FORWARD
learning; FORWARD
learning; FORWARD
learning; FORWARD
learning; FORWARD
learning; FORWARD
learning; FORWARD
learning; FORWARD
Message received: LEARNING
learning; LEFT
learning; LEFT
learning; LEFT
learning; LEFT
learning; LEFT
learning; LEFT
learning; LEFT
learning; LEFT
learning; LEFT
learning; LEFT
learning; LEFT
learning; LEFT
learning; LEFT
learning; LEFT
learning; LEFT
learning; LEFT
learning; LEFT
learning; LEFT
learning; LEFT
learning; LEFT
learning; LEFT
learning; LEFT
learning; LEFT
learning; LEFT
learning; LEFT
learning; LEFT
learning; LEFT
learning; LEFT
learning; LEFT
learning; LEFT
learning; LEFT
learning; LEFT
learning; LEFT
learning; LEFT
learning; LEFT
learning; LEFT
learning; LEFT
learning; LEFT
learning; LEFT
learning; LEFT
learning; LEFT
learning; LEFT
learning; LEFT
learning; LEFT
learning; LEFT
learning; LEFT
learning; LEFT
learning; LEFT
learning; LEFT
learning; LEFT
learning; LEFT
learning; LEFT
learning; LEFT
learning; LEFT
learning; LEFT
learning; LEFT
learning; LEFT
learning; LEFT
learning; LEFT
learning; LEFT
learning; LEFT
learning; LEFT
learning; LEFT
learning; LEFT
learning; LEFT
learning; LEFT
learning; LEFT
learning; LEFT
learning; LEFT
learning; LEFT
learning; LEFT
learning; LEFT
learning; LEFT
Message received: LEARNING
learning; FORWARD
learning; FORWARD
learning; FORWARD
learning; FORWARD
learning; FORWARD
learning; FORWARD
learning; FORWARD
learning; FORWARD
learning; FORWARD
learning; FORWARD
learning; FORWARD
learning; FORWARD
learning; FORWARD
learning; FORWARD
learning; FORWARD
learning; FORWARD
learning; FORWARD
learning; FORWARD
learning; FORWARD
learning; FORWARD
learning; FORWARD
learning; FORWARD
learning; FORWARD
learning; FORWARD
learning; FORWARD
learning; FORWARD
learning; FORWARD
learning; FORWARD
learning; FORWARD
learning; FORWARD
learning; FORWARD
learning; FORWARD
learning; FORWARD
learning; FORWARD
learning; FORWARD
learning; FORWARD
learning; FORWARD
learning; FORWARD
learning; FORWARD
learning; FORWARD
learning; FORWARD
learning; FORWARD
learning; FORWARD
learning; FORWARD
learning; FORWARD
learning; FORWARD
learning; FORWARD
Message received: LEARNING
learning; LEFT
learning; LEFT
learning; LEFT
learning; LEFT
learning; LEFT
learning; LEFT
learning; LEFT
learning; LEFT
learning; LEFT
learning; LEFT
learning; LEFT
learning; LEFT
learning; LEFT
learning; LEFT
learning; LEFT
learning; LEFT
learning; LEFT
learning; LEFT
learning; LEFT
learning; LEFT
learning; LEFT
learning; LEFT
learning; LEFT
learning; LEFT
learning; LEFT
learning; LEFT
learning; LEFT
learning; LEFT
learning; LEFT
learning; LEFT
learning; LEFT
learning; LEFT
Message received: LEARNING
learning; FORWARD
learning; FORWARD
learning; FORWARD
learning; FORWARD
learning; FORWARD
learning; FORWARD
learning; FORWARD
learning; FORWARD
learning; FORWARD
learning; FORWARD
learning; FORWARD
learning; FORWARD
learning; FORWARD
learning; FORWARD
learning; FORWARD
learning; FORWARD
learning; FORWARD
learning; FORWARD
learning; FORWARD
learning; FORWARD
learning; FORWARD
learning; FORWARD
learning; FORWARD
learning; FORWARD
learning; FORWARD
learning; FORWARD
learning; FORWARD
learning; FORWARD
learning; FORWARD
learning; FORWARD
learning; FORWARD
learning; FORWARD
learning; FORWARD
learning; FORWARD
learning; FORWARD
learning; FORWARD
learning; FORWARD
learning; FORWARD
learning; FORWARD
learning; FORWARD
learning; FORWARD
learning; FORWARD
learning; FORWARD
learning; FORWARD
learning; FORWARD
learning; FORWARD
learning; FORWARD
Message received: QUIT
quitting
9.19 hz (372 cycles / 40485 ms)
