Starting up...
Timestamp 946686546940
In mode WAITING and doing nothing
In mode WAITING and doing nothing
In mode WAITING and doing nothing
In mode WAITING and doing nothing
In mode WAITING and doing nothing
In mode WAITING and doing nothing
In mode WAITING and doing nothing
In mode WAITING and doing nothing
In mode WAITING and doing nothing
In mode WAITING and doing nothing
In mode WAITING and doing nothing
In mode WAITING and doing nothing
In mode WAITING and doing nothing
In mode WAITING and doing nothing
In mode WAITING and doing nothing
In mode WAITING and doing nothing
In mode WAITING and doing nothing
In mode WAITING and doing nothing
In mode WAITING and doing nothing
In mode WAITING and doing nothing
In mode WAITING and doing nothing
In mode WAITING and doing nothing
In mode WAITING and doing nothing
In mode WAITING and doing nothing
In mode WAITING and doing nothing
In mode WAITING and doing nothing
In mode WAITING and doing nothing
In mode WAITING and doing nothing
In mode WAITING and doing nothing
In mode WAITING and doing nothing
In mode WAITING and doing nothing
In mode WAITING and doing nothing
In mode WAITING and doing nothing
In mode WAITING and doing nothing
In mode WAITING and doing nothing
In mode WAITING and doing nothing
In mode WAITING and doing nothing
In mode WAITING and doing nothing
In mode WAITING and doing nothing
In mode WAITING and doing nothing
In mode WAITING and doing nothing
In mode WAITING and doing nothing
In mode WAITING and doing nothing
In mode WAITING and doing nothing
In mode WAITING and doing nothing
In mode WAITING and doing nothing
In mode WAITING and doing nothing
In mode WAITING and doing nothing
In mode WAITING and doing nothing
In mode WAITING and doing nothing
In mode WAITING and doing nothing
In mode WAITING and doing nothing
In mode WAITING and doing nothing
In mode WAITING and doing nothing
In mode WAITING and doing nothing
In mode WAITING and doing nothing
In mode WAITING and doing nothing
In mode WAITING and doing nothing
In mode WAITING and doing nothing
In mode WAITING and doing nothing
In mode WAITING and doing nothing
In mode WAITING and doing nothing
In mode WAITING and doing nothing
In mode WAITING and doing nothing
In mode WAITING and doing nothing
In mode WAITING and doing nothing
In mode WAITING and doing nothing
In mode WAITING and doing nothing
In mode WAITING and doing nothing
In mode WAITING and doing nothing
In mode WAITING and doing nothing
In mode WAITING and doing nothing
In mode WAITING and doing nothing
In mode WAITING and doing nothing
In mode WAITING and doing nothing
In mode WAITING and doing nothing
In mode WAITING and doing nothing
In mode WAITING and doing nothing
In mode WAITING and doing nothing
In mode WAITING and doing nothing
In mode WAITING and doing nothing
In mode WAITING and doing nothing
In mode WAITING and doing nothing
In mode WAITING and doing nothing
In mode WAITING and doing nothing
In mode WAITING and doing nothing
In mode WAITING and doing nothing
In mode WAITING and doing nothing
In mode WAITING and doing nothing
In mode WAITING and doing nothing
In mode WAITING and doing nothing
In mode WAITING and doing nothing
In mode WAITING and doing nothing
In mode WAITING and doing nothing
In mode WAITING and doing nothing
In mode WAITING and doing nothing
In mode WAITING and doing nothing
In mode WAITING and doing nothing
In mode WAITING and doing nothing
In mode WAITING and doing nothing
In mode WAITING and doing nothing
In mode WAITING and doing nothing
In mode WAITING and doing nothing
In mode WAITING and doing nothing
In mode WAITING and doing nothing
In mode WAITING and doing nothing
In mode WAITING and doing nothing
In mode WAITING and doing nothing
In mode WAITING and doing nothing
In mode WAITING and doing nothing
In mode WAITING and doing nothing
In mode WAITING and doing nothing
In mode WAITING and doing nothing
In mode WAITING and doing nothing
In mode WAITING and doing nothing
In mode WAITING and doing nothing
In mode WAITING and doing nothing
In mode WAITING and doing nothing
In mode WAITING and doing nothing
In mode WAITING and doing nothing
In mode WAITING and doing nothing
In mode WAITING and doing nothing
In mode WAITING and doing nothing
In mode WAITING and doing nothing
Message received: STARTING
Timestamp 946686562353
Starting: clusters: 16, shrink: 2
learning; STOP
learning; STOP
learning; STOP
learning; STOP
learning; STOP
learning; STOP
learning; STOP
learning; STOP
learning; STOP
learning; STOP
learning; STOP
learning; STOP
learning; STOP
learning; STOP
learning; STOP
Message received: LEARNING
learning; FORWARD
learning; FORWARD
learning; FORWARD
Message received: LEARNING
learning; LEFT
learning; LEFT
learning; LEFT
learning; LEFT
Message received: LEARNING
learning; FORWARD
learning; FORWARD
Message received: LEARNING
learning; LEFT
learning; LEFT
learning; LEFT
learning; LEFT
learning; LEFT
learning; LEFT
Message received: LEARNING
learning; FORWARD
learning; FORWARD
learning; FORWARD
learning; FORWARD
learning; FORWARD
learning; FORWARD
learning; FORWARD
learning; FORWARD
learning; FORWARD
learning; FORWARD
learning; FORWARD
learning; FORWARD
learning; FORWARD
learning; FORWARD
Message received: LEARNING
learning; LEFT
learning; LEFT
learning; LEFT
learning; LEFT
learning; LEFT
learning; LEFT
learning; LEFT
learning; LEFT
Message received: LEARNING
learning; FORWARD
learning; FORWARD
learning; FORWARD
learning; FORWARD
learning; FORWARD
learning; FORWARD
learning; FORWARD
learning; FORWARD
learning; FORWARD
learning; FORWARD
Message received: LEARNING
learning; LEFT
learning; LEFT
learning; LEFT
learning; LEFT
learning; LEFT
learning; LEFT
learning; LEFT
learning; LEFT
Message received: LEARNING
learning; FORWARD
learning; FORWARD
learning; FORWARD
learning; FORWARD
learning; FORWARD
learning; FORWARD
learning; FORWARD
learning; FORWARD
learning; FORWARD
learning; FORWARD
learning; FORWARD
Message received: LEARNING
learning; LEFT
learning; LEFT
learning; LEFT
learning; LEFT
learning; LEFT
learning; LEFT
learning; LEFT
learning; LEFT
learning; LEFT
learning; LEFT
Message received: LEARNING
learning; FORWARD
learning; FORWARD
learning; FORWARD
learning; FORWARD
learning; FORWARD
learning; FORWARD
Message received: LEARNING
learning; LEFT
learning; LEFT
learning; LEFT
learning; LEFT
learning; LEFT
learning; LEFT
Message received: LEARNING
learning; FORWARD
learning; FORWARD
learning; FORWARD
learning; FORWARD
learning; FORWARD
learning; FORWARD
Message received: LEARNING
learning; LEFT
learning; LEFT
learning; LEFT
learning; LEFT
learning; LEFT
learning; LEFT
learning; LEFT
learning; LEFT
Message received: LEARNING
learning; FORWARD
learning; FORWARD
learning; FORWARD
learning; FORWARD
learning; FORWARD
learning; FORWARD
Message received: QUIT
quitting
2.85 hz (123 cycles / 43177 ms)
